2020-07-09 14:17:45.497 [main] INFO  org.coral.server.App - Starting App on DESKTOP-I6VTE4Q with PID 8660 (E:\server\jeremy\workspace\coral\coral-server\target\classes started by Jereme in E:\server\jeremy\workspace\coral\coral-server)
2020-07-09 14:17:45.499 [main] INFO  org.coral.server.App - The following profiles are active: dev
2020-07-09 14:17:47.552 [main] INFO  o.s.boot.web.embedded.tomcat.TomcatWebServer - Tomcat initialized with port(s): 8080 (http)
2020-07-09 14:17:47.563 [main] INFO  org.apache.coyote.http11.Http11NioProtocol - Initializing ProtocolHandler ["http-nio-8080"]
2020-07-09 14:17:47.564 [main] INFO  org.apache.catalina.core.StandardService - Starting service [Tomcat]
2020-07-09 14:17:47.564 [main] INFO  org.apache.catalina.core.StandardEngine - Starting Servlet engine: [Apache Tomcat/9.0.36]
2020-07-09 14:17:47.659 [main] INFO  o.a.c.core.ContainerBase.[Tomcat].[localhost].[/] - Initializing Spring embedded WebApplicationContext
2020-07-09 14:17:47.659 [main] INFO  o.s.b.w.s.c.ServletWebServerApplicationContext - Root WebApplicationContext: initialization completed in 2111 ms
2020-07-09 14:17:47.934 [main] INFO  c.a.d.s.b.a.DruidDataSourceAutoConfigure - Init DruidDataSource
2020-07-09 14:17:48.424 [main] INFO  com.alibaba.druid.pool.DruidDataSource - {dataSource-1} inited
2020-07-09 14:17:48.503 [main] INFO  org.coral.net.core.HandlerProcessor - The initialization message is complete and takes [12] milliseconds.
2020-07-09 14:17:48.513 [main] WARN  o.s.b.w.s.c.AnnotationConfigServletWebServerApplicationContext - Exception encountered during context initialization - cancelling refresh attempt: org.springframework.beans.factory.UnsatisfiedDependencyException: Error creating bean with name 'gameServerHandler': Unsatisfied dependency expressed through field 'group'; nested exception is org.springframework.beans.factory.UnsatisfiedDependencyException: Error creating bean with name 'disruptorExecutorGroup' defined in file [E:\server\jeremy\workspace\coral\coral-net\target\classes\org\coral\net\core\base\executor2\DisruptorExecutorGroup.class]: Unsatisfied dependency expressed through constructor parameter 0; nested exception is org.springframework.beans.factory.NoSuchBeanDefinitionException: No qualifying bean of type 'int' available: expected at least 1 bean which qualifies as autowire candidate. Dependency annotations: {}
2020-07-09 14:17:48.524 [main] INFO  com.alibaba.druid.pool.DruidDataSource - {dataSource-1} closed
2020-07-09 14:17:48.529 [main] INFO  org.apache.catalina.core.StandardService - Stopping service [Tomcat]
2020-07-09 14:17:48.544 [main] INFO  o.s.b.a.l.ConditionEvaluationReportLoggingListener - 

Error starting ApplicationContext. To display the conditions report re-run your application with 'debug' enabled.
2020-07-09 14:17:48.700 [main] ERROR o.s.b.diagnostics.LoggingFailureAnalysisReporter - 

***************************
APPLICATION FAILED TO START
***************************

Description:

Parameter 0 of constructor in org.coral.net.core.base.executor2.DisruptorExecutorGroup required a bean of type 'int' that could not be found.

The injection point has the following annotations:
	- @org.springframework.beans.factory.annotation.Autowired(required=true)


Action:

Consider defining a bean of type 'int' in your configuration.

2020-07-09 14:18:25.707 [main] INFO  org.coral.server.App - Starting App on DESKTOP-I6VTE4Q with PID 26192 (E:\server\jeremy\workspace\coral\coral-server\target\classes started by Jereme in E:\server\jeremy\workspace\coral\coral-server)
2020-07-09 14:18:25.709 [main] INFO  org.coral.server.App - The following profiles are active: dev
2020-07-09 14:18:27.536 [main] INFO  o.s.boot.web.embedded.tomcat.TomcatWebServer - Tomcat initialized with port(s): 8080 (http)
2020-07-09 14:18:27.546 [main] INFO  org.apache.coyote.http11.Http11NioProtocol - Initializing ProtocolHandler ["http-nio-8080"]
2020-07-09 14:18:27.547 [main] INFO  org.apache.catalina.core.StandardService - Starting service [Tomcat]
2020-07-09 14:18:27.547 [main] INFO  org.apache.catalina.core.StandardEngine - Starting Servlet engine: [Apache Tomcat/9.0.36]
2020-07-09 14:18:27.637 [main] INFO  o.a.c.core.ContainerBase.[Tomcat].[localhost].[/] - Initializing Spring embedded WebApplicationContext
2020-07-09 14:18:27.637 [main] INFO  o.s.b.w.s.c.ServletWebServerApplicationContext - Root WebApplicationContext: initialization completed in 1886 ms
2020-07-09 14:18:27.894 [main] INFO  c.a.d.s.b.a.DruidDataSourceAutoConfigure - Init DruidDataSource
2020-07-09 14:18:28.353 [main] INFO  com.alibaba.druid.pool.DruidDataSource - {dataSource-1} inited
2020-07-09 14:18:28.432 [main] INFO  org.coral.net.core.HandlerProcessor - The initialization message is complete and takes [10] milliseconds.
2020-07-09 14:18:28.440 [main] WARN  o.s.b.w.s.c.AnnotationConfigServletWebServerApplicationContext - Exception encountered during context initialization - cancelling refresh attempt: org.springframework.beans.factory.UnsatisfiedDependencyException: Error creating bean with name 'gameServerHandler': Unsatisfied dependency expressed through field 'group'; nested exception is org.springframework.beans.factory.UnsatisfiedDependencyException: Error creating bean with name 'disruptorExecutorGroup' defined in file [E:\server\jeremy\workspace\coral\coral-net\target\classes\org\coral\net\core\base\executor2\DisruptorExecutorGroup.class]: Unsatisfied dependency expressed through constructor parameter 0; nested exception is org.springframework.beans.factory.NoSuchBeanDefinitionException: No qualifying bean of type 'int' available: expected at least 1 bean which qualifies as autowire candidate. Dependency annotations: {}
2020-07-09 14:18:28.451 [main] INFO  com.alibaba.druid.pool.DruidDataSource - {dataSource-1} closed
2020-07-09 14:18:28.453 [main] INFO  org.apache.catalina.core.StandardService - Stopping service [Tomcat]
2020-07-09 14:18:28.470 [main] INFO  o.s.b.a.l.ConditionEvaluationReportLoggingListener - 

Error starting ApplicationContext. To display the conditions report re-run your application with 'debug' enabled.
2020-07-09 14:18:28.655 [main] ERROR o.s.b.diagnostics.LoggingFailureAnalysisReporter - 

***************************
APPLICATION FAILED TO START
***************************

Description:

Parameter 0 of constructor in org.coral.net.core.base.executor2.DisruptorExecutorGroup required a bean of type 'int' that could not be found.

The injection point has the following annotations:
	- @org.springframework.beans.factory.annotation.Autowired(required=true)


Action:

Consider defining a bean of type 'int' in your configuration.

2020-07-09 14:19:50.909 [main] INFO  org.coral.server.App - Starting App on DESKTOP-I6VTE4Q with PID 23808 (E:\server\jeremy\workspace\coral\coral-server\target\classes started by Jereme in E:\server\jeremy\workspace\coral\coral-server)
2020-07-09 14:19:50.916 [main] INFO  org.coral.server.App - The following profiles are active: dev
2020-07-09 14:19:53.706 [main] INFO  o.s.boot.web.embedded.tomcat.TomcatWebServer - Tomcat initialized with port(s): 8080 (http)
2020-07-09 14:19:53.729 [main] INFO  org.apache.coyote.http11.Http11NioProtocol - Initializing ProtocolHandler ["http-nio-8080"]
2020-07-09 14:19:53.729 [main] INFO  org.apache.catalina.core.StandardService - Starting service [Tomcat]
2020-07-09 14:19:53.729 [main] INFO  org.apache.catalina.core.StandardEngine - Starting Servlet engine: [Apache Tomcat/9.0.36]
2020-07-09 14:19:53.874 [main] INFO  o.a.c.core.ContainerBase.[Tomcat].[localhost].[/] - Initializing Spring embedded WebApplicationContext
2020-07-09 14:19:53.874 [main] INFO  o.s.b.w.s.c.ServletWebServerApplicationContext - Root WebApplicationContext: initialization completed in 2888 ms
2020-07-09 14:19:54.191 [main] INFO  c.a.d.s.b.a.DruidDataSourceAutoConfigure - Init DruidDataSource
2020-07-09 14:19:54.771 [main] INFO  com.alibaba.druid.pool.DruidDataSource - {dataSource-1} inited
2020-07-09 14:19:54.872 [main] INFO  org.coral.net.core.HandlerProcessor - The initialization message is complete and takes [13] milliseconds.
2020-07-09 14:19:54.886 [main] WARN  o.s.b.w.s.c.AnnotationConfigServletWebServerApplicationContext - Exception encountered during context initialization - cancelling refresh attempt: org.springframework.beans.factory.UnsatisfiedDependencyException: Error creating bean with name 'gameServerHandler': Unsatisfied dependency expressed through field 'group'; nested exception is org.springframework.beans.factory.UnsatisfiedDependencyException: Error creating bean with name 'disruptorExecutorGroup' defined in file [E:\server\jeremy\workspace\coral\coral-net\target\classes\org\coral\net\core\base\executor2\DisruptorExecutorGroup.class]: Unsatisfied dependency expressed through constructor parameter 0; nested exception is org.springframework.beans.factory.NoSuchBeanDefinitionException: No qualifying bean of type 'int' available: expected at least 1 bean which qualifies as autowire candidate. Dependency annotations: {}
2020-07-09 14:19:54.900 [main] INFO  com.alibaba.druid.pool.DruidDataSource - {dataSource-1} closed
2020-07-09 14:19:54.905 [main] INFO  org.apache.catalina.core.StandardService - Stopping service [Tomcat]
2020-07-09 14:19:54.922 [main] INFO  o.s.b.a.l.ConditionEvaluationReportLoggingListener - 

Error starting ApplicationContext. To display the conditions report re-run your application with 'debug' enabled.
2020-07-09 14:19:55.140 [main] ERROR o.s.b.diagnostics.LoggingFailureAnalysisReporter - 

***************************
APPLICATION FAILED TO START
***************************

Description:

Parameter 0 of constructor in org.coral.net.core.base.executor2.DisruptorExecutorGroup required a bean of type 'int' that could not be found.

The injection point has the following annotations:
	- @org.springframework.beans.factory.annotation.Autowired(required=true)


Action:

Consider defining a bean of type 'int' in your configuration.

2020-07-09 14:21:14.933 [main] INFO  org.coral.server.App - Starting App on DESKTOP-I6VTE4Q with PID 30428 (E:\server\jeremy\workspace\coral\coral-server\target\classes started by Jereme in E:\server\jeremy\workspace\coral\coral-server)
2020-07-09 14:21:14.935 [main] INFO  org.coral.server.App - The following profiles are active: dev
2020-07-09 14:21:16.714 [main] INFO  o.s.boot.web.embedded.tomcat.TomcatWebServer - Tomcat initialized with port(s): 8080 (http)
2020-07-09 14:21:16.725 [main] INFO  org.apache.coyote.http11.Http11NioProtocol - Initializing ProtocolHandler ["http-nio-8080"]
2020-07-09 14:21:16.725 [main] INFO  org.apache.catalina.core.StandardService - Starting service [Tomcat]
2020-07-09 14:21:16.725 [main] INFO  org.apache.catalina.core.StandardEngine - Starting Servlet engine: [Apache Tomcat/9.0.36]
2020-07-09 14:21:16.805 [main] INFO  o.a.c.core.ContainerBase.[Tomcat].[localhost].[/] - Initializing Spring embedded WebApplicationContext
2020-07-09 14:21:16.805 [main] INFO  o.s.b.w.s.c.ServletWebServerApplicationContext - Root WebApplicationContext: initialization completed in 1818 ms
2020-07-09 14:21:17.051 [main] INFO  c.a.d.s.b.a.DruidDataSourceAutoConfigure - Init DruidDataSource
2020-07-09 14:21:17.486 [main] INFO  com.alibaba.druid.pool.DruidDataSource - {dataSource-1} inited
2020-07-09 14:21:17.576 [main] INFO  org.coral.net.core.HandlerProcessor - The initialization message is complete and takes [11] milliseconds.
2020-07-09 14:21:17.622 [main] INFO  o.c.net.core.base.executor2.DisruptorExecutorGroup - End to init DisruptorExecutorGroup, initWorkers:16, cost time:40
2020-07-09 14:21:18.580 [main] ERROR org.coral.net.network.tcp.TcpServerStarter - Netty [TCP] server start up Error!
2020-07-09 14:21:18.584 [main] ERROR org.coral.net.network.tcp.TcpServerStarter - Netty [TCP] server start up Error!
2020-07-09 14:21:18.589 [main] INFO  o.s.scheduling.concurrent.ThreadPoolTaskExecutor - Initializing ExecutorService
2020-07-09 14:21:18.590 [main] INFO  o.s.scheduling.concurrent.ThreadPoolTaskExecutor - Initializing ExecutorService 'taskAsyncPool'
2020-07-09 14:21:18.954 [main] INFO  o.s.b.actuate.endpoint.web.EndpointLinksResolver - Exposing 2 endpoint(s) beneath base path '/actuator'
2020-07-09 14:21:18.981 [main] INFO  org.apache.coyote.http11.Http11NioProtocol - Starting ProtocolHandler ["http-nio-8080"]
2020-07-09 14:21:18.999 [main] INFO  o.s.boot.web.embedded.tomcat.TomcatWebServer - Tomcat started on port(s): 8080 (http) with context path ''
2020-07-09 14:21:19.016 [main] INFO  org.coral.server.App - Started App in 4.484 seconds (JVM running for 4.831)
2020-07-09 14:22:00.506 [main] INFO  org.coral.server.App - Starting App on DESKTOP-I6VTE4Q with PID 35700 (E:\server\jeremy\workspace\coral\coral-server\target\classes started by Jereme in E:\server\jeremy\workspace\coral\coral-server)
2020-07-09 14:22:00.513 [main] INFO  org.coral.server.App - The following profiles are active: dev
2020-07-09 14:22:03.387 [main] INFO  o.s.boot.web.embedded.tomcat.TomcatWebServer - Tomcat initialized with port(s): 8080 (http)
2020-07-09 14:22:03.401 [main] INFO  org.apache.coyote.http11.Http11NioProtocol - Initializing ProtocolHandler ["http-nio-8080"]
2020-07-09 14:22:03.402 [main] INFO  org.apache.catalina.core.StandardService - Starting service [Tomcat]
2020-07-09 14:22:03.402 [main] INFO  org.apache.catalina.core.StandardEngine - Starting Servlet engine: [Apache Tomcat/9.0.36]
2020-07-09 14:22:03.517 [main] INFO  o.a.c.core.ContainerBase.[Tomcat].[localhost].[/] - Initializing Spring embedded WebApplicationContext
2020-07-09 14:22:03.517 [main] INFO  o.s.b.w.s.c.ServletWebServerApplicationContext - Root WebApplicationContext: initialization completed in 2921 ms
2020-07-09 14:22:03.897 [main] INFO  c.a.d.s.b.a.DruidDataSourceAutoConfigure - Init DruidDataSource
2020-07-09 14:22:04.365 [main] INFO  com.alibaba.druid.pool.DruidDataSource - {dataSource-1} inited
2020-07-09 14:22:04.464 [main] INFO  org.coral.net.core.HandlerProcessor - The initialization message is complete and takes [14] milliseconds.
2020-07-09 14:22:10.025 [main] INFO  o.c.net.core.base.executor2.DisruptorExecutorGroup - End to init DisruptorExecutorGroup, initWorkers:16, cost time:3123
2020-07-09 14:23:39.528 [main] INFO  org.coral.server.App - Starting App on DESKTOP-I6VTE4Q with PID 32200 (E:\server\jeremy\workspace\coral\coral-server\target\classes started by Jereme in E:\server\jeremy\workspace\coral\coral-server)
2020-07-09 14:23:39.530 [main] INFO  org.coral.server.App - The following profiles are active: dev
2020-07-09 14:23:41.307 [main] INFO  o.s.boot.web.embedded.tomcat.TomcatWebServer - Tomcat initialized with port(s): 8080 (http)
2020-07-09 14:23:41.317 [main] INFO  org.apache.coyote.http11.Http11NioProtocol - Initializing ProtocolHandler ["http-nio-8080"]
2020-07-09 14:23:41.317 [main] INFO  org.apache.catalina.core.StandardService - Starting service [Tomcat]
2020-07-09 14:23:41.317 [main] INFO  org.apache.catalina.core.StandardEngine - Starting Servlet engine: [Apache Tomcat/9.0.36]
2020-07-09 14:23:41.398 [main] INFO  o.a.c.core.ContainerBase.[Tomcat].[localhost].[/] - Initializing Spring embedded WebApplicationContext
2020-07-09 14:23:41.398 [main] INFO  o.s.b.w.s.c.ServletWebServerApplicationContext - Root WebApplicationContext: initialization completed in 1827 ms
2020-07-09 14:23:41.664 [main] INFO  c.a.d.s.b.a.DruidDataSourceAutoConfigure - Init DruidDataSource
2020-07-09 14:23:42.117 [main] INFO  com.alibaba.druid.pool.DruidDataSource - {dataSource-1} inited
2020-07-09 14:23:42.197 [main] INFO  org.coral.net.core.HandlerProcessor - The initialization message is complete and takes [9] milliseconds.
2020-07-09 14:23:42.239 [main] INFO  o.c.net.core.base.executor2.DisruptorExecutorGroup - End to init DisruptorExecutorGroup, initWorkers:16, cost time:35
2020-07-09 14:23:43.202 [main] INFO  org.coral.net.network.tcp.TcpServerStarter - Netty [TCP] server listening 127.0.0.1 on port 5001 and ready for connections...
2020-07-09 14:23:43.205 [main] INFO  org.coral.net.network.tcp.TcpServerStarter - Netty [TCP] server listening 127.0.0.1 on port 6001 and ready for connections...
2020-07-09 14:23:43.211 [main] INFO  o.s.scheduling.concurrent.ThreadPoolTaskExecutor - Initializing ExecutorService
2020-07-09 14:23:43.212 [main] INFO  o.s.scheduling.concurrent.ThreadPoolTaskExecutor - Initializing ExecutorService 'taskAsyncPool'
2020-07-09 14:23:43.559 [main] INFO  o.s.b.actuate.endpoint.web.EndpointLinksResolver - Exposing 2 endpoint(s) beneath base path '/actuator'
2020-07-09 14:23:43.587 [main] INFO  org.apache.coyote.http11.Http11NioProtocol - Starting ProtocolHandler ["http-nio-8080"]
2020-07-09 14:23:43.607 [main] INFO  o.s.boot.web.embedded.tomcat.TomcatWebServer - Tomcat started on port(s): 8080 (http) with context path ''
2020-07-09 14:23:43.622 [main] INFO  org.coral.server.App - Started App in 4.498 seconds (JVM running for 4.864)
2020-07-09 14:24:07.592 [main] INFO  org.coral.server.App - Starting App on DESKTOP-I6VTE4Q with PID 28292 (E:\server\jeremy\workspace\coral\coral-server\target\classes started by Jereme in E:\server\jeremy\workspace\coral\coral-server)
2020-07-09 14:24:07.595 [main] INFO  org.coral.server.App - The following profiles are active: dev
2020-07-09 14:24:09.471 [main] INFO  o.s.boot.web.embedded.tomcat.TomcatWebServer - Tomcat initialized with port(s): 8080 (http)
2020-07-09 14:24:09.483 [main] INFO  org.apache.coyote.http11.Http11NioProtocol - Initializing ProtocolHandler ["http-nio-8080"]
2020-07-09 14:24:09.484 [main] INFO  org.apache.catalina.core.StandardService - Starting service [Tomcat]
2020-07-09 14:24:09.484 [main] INFO  org.apache.catalina.core.StandardEngine - Starting Servlet engine: [Apache Tomcat/9.0.36]
2020-07-09 14:24:09.580 [main] INFO  o.a.c.core.ContainerBase.[Tomcat].[localhost].[/] - Initializing Spring embedded WebApplicationContext
2020-07-09 14:24:09.580 [main] INFO  o.s.b.w.s.c.ServletWebServerApplicationContext - Root WebApplicationContext: initialization completed in 1910 ms
2020-07-09 14:24:09.880 [main] INFO  c.a.d.s.b.a.DruidDataSourceAutoConfigure - Init DruidDataSource
2020-07-09 14:24:10.320 [main] INFO  com.alibaba.druid.pool.DruidDataSource - {dataSource-1} inited
2020-07-09 14:24:10.396 [main] INFO  org.coral.net.core.HandlerProcessor - The initialization message is complete and takes [9] milliseconds.
2020-07-09 14:24:10.453 [main] INFO  o.c.net.core.base.executor2.DisruptorExecutorGroup - End to init DisruptorExecutorGroup, initWorkers:16, cost time:49
2020-07-09 14:24:11.363 [main] INFO  org.coral.net.network.tcp.TcpServerStarter - Netty [TCP] server listening 127.0.0.1 on port 5001 and ready for connections...
2020-07-09 14:24:11.369 [main] INFO  o.s.scheduling.concurrent.ThreadPoolTaskExecutor - Initializing ExecutorService
2020-07-09 14:24:11.370 [main] INFO  o.s.scheduling.concurrent.ThreadPoolTaskExecutor - Initializing ExecutorService 'taskAsyncPool'
2020-07-09 14:24:11.712 [main] INFO  o.s.b.actuate.endpoint.web.EndpointLinksResolver - Exposing 2 endpoint(s) beneath base path '/actuator'
2020-07-09 14:24:11.741 [main] INFO  org.apache.coyote.http11.Http11NioProtocol - Starting ProtocolHandler ["http-nio-8080"]
2020-07-09 14:24:11.759 [main] INFO  o.s.boot.web.embedded.tomcat.TomcatWebServer - Tomcat started on port(s): 8080 (http) with context path ''
2020-07-09 14:24:11.777 [main] INFO  org.coral.server.App - Started App in 4.578 seconds (JVM running for 4.955)
