2021-02-22 10:06:16.705 [main] INFO  org.coral.server.App - Starting App on DESKTOP-201116G with PID 19928 (E:\jeremy\workspace\coral\git\coral-server\target\classes started by Administrator in E:\jeremy\workspace\coral\git\coral-server)
2021-02-22 10:06:16.705 [main] INFO  org.coral.server.App - The following profiles are active: dev
2021-02-22 10:06:18.381 [main] INFO  o.s.d.r.config.RepositoryConfigurationDelegate - Multiple Spring Data modules found, entering strict repository configuration mode!
2021-02-22 10:06:18.383 [main] INFO  o.s.d.r.config.RepositoryConfigurationDelegate - Bootstrapping Spring Data Redis repositories in DEFAULT mode.
2021-02-22 10:06:18.525 [main] INFO  o.s.d.r.config.RepositoryConfigurationDelegate - Finished Spring Data repository scanning in 118ms. Found 0 Redis repository interfaces.
2021-02-22 10:06:19.766 [main] INFO  o.s.boot.web.embedded.tomcat.TomcatWebServer - Tomcat initialized with port(s): 8081 (http)
2021-02-22 10:06:19.794 [main] INFO  org.apache.coyote.http11.Http11NioProtocol - Initializing ProtocolHandler ["http-nio-8081"]
2021-02-22 10:06:19.795 [main] INFO  org.apache.catalina.core.StandardService - Starting service [Tomcat]
2021-02-22 10:06:19.795 [main] INFO  org.apache.catalina.core.StandardEngine - Starting Servlet engine: [Apache Tomcat/9.0.36]
2021-02-22 10:06:19.915 [main] INFO  o.a.c.core.ContainerBase.[Tomcat].[localhost].[/] - Initializing Spring embedded WebApplicationContext
2021-02-22 10:06:19.915 [main] INFO  o.s.b.w.s.c.ServletWebServerApplicationContext - Root WebApplicationContext: initialization completed in 3107 ms
2021-02-22 10:06:20.208 [main] INFO  org.coral.server.common.UniqueIdGenerater - UniqueIdGenerater loading...1
2021-02-22 10:06:20.307 [main] INFO  c.a.d.s.b.a.DruidDataSourceAutoConfigure - Init DruidDataSource
2021-02-22 10:06:21.351 [main] INFO  com.alibaba.druid.pool.DruidDataSource - {dataSource-1} inited
2021-02-22 10:06:21.390 [main] INFO  org.coral.server.common.DataComponent - BeanComponent loading...
2021-02-22 10:06:21.467 [main] INFO  org.coral.net.core.HandlerProcessor - The initialization message is complete and takes [9] milliseconds.
2021-02-22 10:06:21.477 [main] INFO  o.c.s.g.m.mission.manager.MissionProcessManager - 初始化任务处理器:[org.coral.server.game.module.mission.process.Mission01LoginProcess@46039a21]
2021-02-22 10:06:21.922 [TCP_SERVER_BOSS-1-1] INFO  io.netty.handler.logging.LoggingHandler - [id: 0x63100b29] REGISTERED
2021-02-22 10:06:21.925 [TCP_SERVER_BOSS-1-1] INFO  io.netty.handler.logging.LoggingHandler - [id: 0x63100b29] BIND: 0.0.0.0/0.0.0.0:5001
2021-02-22 10:06:21.926 [main] INFO  org.coral.net.network.tcp.TcpServerStarter - Netty [TCP] server listening 127.0.0.1 on port 5001 and ready for connections...
2021-02-22 10:06:21.927 [TCP_SERVER_BOSS-1-1] INFO  io.netty.handler.logging.LoggingHandler - [id: 0x63100b29, L:/0:0:0:0:0:0:0:0:5001] ACTIVE
2021-02-22 10:06:21.930 [WEBSOCKET_SERVER_BOSS-4-1] INFO  io.netty.handler.logging.LoggingHandler - [id: 0x06e86ff6] REGISTERED
2021-02-22 10:06:21.930 [WEBSOCKET_SERVER_BOSS-4-1] INFO  io.netty.handler.logging.LoggingHandler - [id: 0x06e86ff6] BIND: 0.0.0.0/0.0.0.0:6001
2021-02-22 10:06:21.931 [main] INFO  o.c.net.network.websocket.WebSocketServerStarter - Netty [WEBSOCKET] server listening 127.0.0.1 on port 6001 and ready for connections...
2021-02-22 10:06:21.931 [WEBSOCKET_SERVER_BOSS-4-1] INFO  io.netty.handler.logging.LoggingHandler - [id: 0x06e86ff6, L:/0:0:0:0:0:0:0:0:6001] ACTIVE
2021-02-22 10:06:21.935 [main] INFO  o.s.scheduling.concurrent.ThreadPoolTaskExecutor - Initializing ExecutorService
2021-02-22 10:06:21.936 [main] INFO  o.s.scheduling.concurrent.ThreadPoolTaskExecutor - Initializing ExecutorService 'taskAsyncPool'
2021-02-22 10:06:22.844 [main] INFO  o.s.b.actuate.endpoint.web.EndpointLinksResolver - Exposing 2 endpoint(s) beneath base path '/actuator'
2021-02-22 10:06:22.877 [main] INFO  org.apache.coyote.http11.Http11NioProtocol - Starting ProtocolHandler ["http-nio-8081"]
2021-02-22 10:06:22.905 [main] INFO  o.s.boot.web.embedded.tomcat.TomcatWebServer - Tomcat started on port(s): 8081 (http) with context path ''
2021-02-22 10:06:22.917 [main] INFO  org.coral.server.App - Started App in 7.183 seconds (JVM running for 8.625)
2021-02-22 15:19:51.988 [main] INFO  org.coral.server.App - Starting App on DESKTOP-201116G with PID 7548 (E:\jeremy\workspace\coral\git\coral-server\target\classes started by Administrator in E:\jeremy\workspace\coral\git\coral-server)
2021-02-22 15:19:51.989 [main] INFO  org.coral.server.App - The following profiles are active: dev
2021-02-22 15:19:53.105 [main] INFO  o.s.d.r.config.RepositoryConfigurationDelegate - Multiple Spring Data modules found, entering strict repository configuration mode!
2021-02-22 15:19:53.108 [main] INFO  o.s.d.r.config.RepositoryConfigurationDelegate - Bootstrapping Spring Data Redis repositories in DEFAULT mode.
2021-02-22 15:19:53.234 [main] INFO  o.s.d.r.config.RepositoryConfigurationDelegate - Finished Spring Data repository scanning in 115ms. Found 0 Redis repository interfaces.
2021-02-22 15:19:54.124 [main] INFO  o.s.boot.web.embedded.tomcat.TomcatWebServer - Tomcat initialized with port(s): 8081 (http)
2021-02-22 15:19:54.136 [main] INFO  org.apache.coyote.http11.Http11NioProtocol - Initializing ProtocolHandler ["http-nio-8081"]
2021-02-22 15:19:54.136 [main] INFO  org.apache.catalina.core.StandardService - Starting service [Tomcat]
2021-02-22 15:19:54.136 [main] INFO  org.apache.catalina.core.StandardEngine - Starting Servlet engine: [Apache Tomcat/9.0.36]
2021-02-22 15:19:54.246 [main] INFO  o.a.c.core.ContainerBase.[Tomcat].[localhost].[/] - Initializing Spring embedded WebApplicationContext
2021-02-22 15:19:54.246 [main] INFO  o.s.b.w.s.c.ServletWebServerApplicationContext - Root WebApplicationContext: initialization completed in 2219 ms
2021-02-22 15:19:54.439 [main] INFO  org.coral.server.common.UniqueIdGenerater - UniqueIdGenerater loading...1
2021-02-22 15:19:54.516 [main] INFO  c.a.d.s.b.a.DruidDataSourceAutoConfigure - Init DruidDataSource
2021-02-22 15:19:55.343 [main] INFO  com.alibaba.druid.pool.DruidDataSource - {dataSource-1} inited
2021-02-22 15:19:55.367 [main] INFO  org.coral.server.common.DataComponent - BeanComponent loading...
2021-02-22 15:19:55.425 [main] INFO  org.coral.net.core.HandlerProcessor - The initialization message is complete and takes [10] milliseconds.
2021-02-22 15:19:55.432 [main] INFO  o.c.s.g.m.mission.manager.MissionProcessManager - 初始化任务处理器:[org.coral.server.game.module.mission.process.Mission01LoginProcess@309cedb6]
2021-02-22 15:19:55.811 [TCP_SERVER_BOSS-1-1] INFO  io.netty.handler.logging.LoggingHandler - [id: 0x2183e000] REGISTERED
2021-02-22 15:19:55.813 [TCP_SERVER_BOSS-1-1] INFO  io.netty.handler.logging.LoggingHandler - [id: 0x2183e000] BIND: 0.0.0.0/0.0.0.0:5001
2021-02-22 15:19:55.814 [main] INFO  org.coral.net.network.tcp.TcpServerStarter - Netty [TCP] server listening 127.0.0.1 on port 5001 and ready for connections...
2021-02-22 15:19:55.815 [TCP_SERVER_BOSS-1-1] INFO  io.netty.handler.logging.LoggingHandler - [id: 0x2183e000, L:/0:0:0:0:0:0:0:0:5001] ACTIVE
2021-02-22 15:19:55.818 [WEBSOCKET_SERVER_BOSS-4-1] INFO  io.netty.handler.logging.LoggingHandler - [id: 0x75565d8e] REGISTERED
2021-02-22 15:19:55.818 [WEBSOCKET_SERVER_BOSS-4-1] INFO  io.netty.handler.logging.LoggingHandler - [id: 0x75565d8e] BIND: 0.0.0.0/0.0.0.0:6001
2021-02-22 15:19:55.818 [WEBSOCKET_SERVER_BOSS-4-1] INFO  io.netty.handler.logging.LoggingHandler - [id: 0x75565d8e, L:/0:0:0:0:0:0:0:0:6001] ACTIVE
2021-02-22 15:19:55.818 [main] INFO  o.c.net.network.websocket.WebSocketServerStarter - Netty [WEBSOCKET] server listening 127.0.0.1 on port 6001 and ready for connections...
2021-02-22 15:19:55.822 [main] INFO  o.s.scheduling.concurrent.ThreadPoolTaskExecutor - Initializing ExecutorService
2021-02-22 15:19:55.823 [main] INFO  o.s.scheduling.concurrent.ThreadPoolTaskExecutor - Initializing ExecutorService 'taskAsyncPool'
2021-02-22 15:19:56.465 [main] INFO  o.s.b.actuate.endpoint.web.EndpointLinksResolver - Exposing 2 endpoint(s) beneath base path '/actuator'
2021-02-22 15:19:56.485 [main] INFO  org.apache.coyote.http11.Http11NioProtocol - Starting ProtocolHandler ["http-nio-8081"]
2021-02-22 15:19:56.499 [main] INFO  o.s.boot.web.embedded.tomcat.TomcatWebServer - Tomcat started on port(s): 8081 (http) with context path ''
2021-02-22 15:19:56.509 [main] INFO  org.coral.server.App - Started App in 4.945 seconds (JVM running for 5.759)
2021-02-22 21:02:02.709 [main] INFO  org.coral.server.App - Starting App on DESKTOP-201116G with PID 11256 (E:\jeremy\workspace\coral\git\coral-server\target\classes started by Administrator in E:\jeremy\workspace\coral\git\coral-server)
2021-02-22 21:02:02.710 [main] INFO  org.coral.server.App - The following profiles are active: dev
2021-02-22 21:02:03.752 [main] INFO  o.s.d.r.config.RepositoryConfigurationDelegate - Multiple Spring Data modules found, entering strict repository configuration mode!
2021-02-22 21:02:03.755 [main] INFO  o.s.d.r.config.RepositoryConfigurationDelegate - Bootstrapping Spring Data Redis repositories in DEFAULT mode.
2021-02-22 21:02:03.881 [main] INFO  o.s.d.r.config.RepositoryConfigurationDelegate - Finished Spring Data repository scanning in 114ms. Found 0 Redis repository interfaces.
2021-02-22 21:02:04.762 [main] INFO  o.s.boot.web.embedded.tomcat.TomcatWebServer - Tomcat initialized with port(s): 8081 (http)
2021-02-22 21:02:04.774 [main] INFO  org.apache.coyote.http11.Http11NioProtocol - Initializing ProtocolHandler ["http-nio-8081"]
2021-02-22 21:02:04.774 [main] INFO  org.apache.catalina.core.StandardService - Starting service [Tomcat]
2021-02-22 21:02:04.775 [main] INFO  org.apache.catalina.core.StandardEngine - Starting Servlet engine: [Apache Tomcat/9.0.36]
2021-02-22 21:02:04.880 [main] INFO  o.a.c.core.ContainerBase.[Tomcat].[localhost].[/] - Initializing Spring embedded WebApplicationContext
2021-02-22 21:02:04.880 [main] INFO  o.s.b.w.s.c.ServletWebServerApplicationContext - Root WebApplicationContext: initialization completed in 2141 ms
2021-02-22 21:02:05.058 [main] INFO  org.coral.server.common.UniqueIdGenerater - UniqueIdGenerater loading...1
2021-02-22 21:02:05.126 [main] INFO  c.a.d.s.b.a.DruidDataSourceAutoConfigure - Init DruidDataSource
2021-02-22 21:02:08.835 [main] INFO  com.alibaba.druid.pool.DruidDataSource - {dataSource-1} inited
2021-02-22 21:02:08.856 [main] INFO  org.coral.server.common.DataComponent - BeanComponent loading...
2021-02-22 21:02:08.915 [main] INFO  org.coral.net.core.HandlerProcessor - The initialization message is complete and takes [9] milliseconds.
2021-02-22 21:02:08.924 [main] INFO  o.c.s.g.m.mission.manager.MissionProcessManager - 初始化任务处理器:[org.coral.server.game.module.mission.process.Mission01LoginProcess@3ba0ae41]
2021-02-22 21:02:09.316 [TCP_SERVER_BOSS-1-1] INFO  io.netty.handler.logging.LoggingHandler - [id: 0x369b5870] REGISTERED
2021-02-22 21:02:09.319 [TCP_SERVER_BOSS-1-1] INFO  io.netty.handler.logging.LoggingHandler - [id: 0x369b5870] BIND: 0.0.0.0/0.0.0.0:5001
2021-02-22 21:02:09.320 [main] INFO  org.coral.net.network.tcp.TcpServerStarter - Netty [TCP] server listening 127.0.0.1 on port 5001 and ready for connections...
2021-02-22 21:02:09.321 [TCP_SERVER_BOSS-1-1] INFO  io.netty.handler.logging.LoggingHandler - [id: 0x369b5870, L:/0:0:0:0:0:0:0:0:5001] ACTIVE
2021-02-22 21:02:09.325 [WEBSOCKET_SERVER_BOSS-4-1] INFO  io.netty.handler.logging.LoggingHandler - [id: 0x7cdf75b4] REGISTERED
2021-02-22 21:02:09.325 [WEBSOCKET_SERVER_BOSS-4-1] INFO  io.netty.handler.logging.LoggingHandler - [id: 0x7cdf75b4] BIND: 0.0.0.0/0.0.0.0:6001
2021-02-22 21:02:09.325 [WEBSOCKET_SERVER_BOSS-4-1] INFO  io.netty.handler.logging.LoggingHandler - [id: 0x7cdf75b4, L:/0:0:0:0:0:0:0:0:6001] ACTIVE
2021-02-22 21:02:09.326 [main] INFO  o.c.net.network.websocket.WebSocketServerStarter - Netty [WEBSOCKET] server listening 127.0.0.1 on port 6001 and ready for connections...
2021-02-22 21:02:09.330 [main] INFO  o.s.scheduling.concurrent.ThreadPoolTaskExecutor - Initializing ExecutorService
2021-02-22 21:02:09.331 [main] INFO  o.s.scheduling.concurrent.ThreadPoolTaskExecutor - Initializing ExecutorService 'taskAsyncPool'
2021-02-22 21:02:09.986 [main] INFO  o.s.b.actuate.endpoint.web.EndpointLinksResolver - Exposing 2 endpoint(s) beneath base path '/actuator'
2021-02-22 21:02:10.009 [main] INFO  org.apache.coyote.http11.Http11NioProtocol - Starting ProtocolHandler ["http-nio-8081"]
2021-02-22 21:02:10.021 [main] INFO  o.s.boot.web.embedded.tomcat.TomcatWebServer - Tomcat started on port(s): 8081 (http) with context path ''
2021-02-22 21:02:10.031 [main] INFO  org.coral.server.App - Started App in 7.709 seconds (JVM running for 8.501)
2021-02-22 21:02:20.286 [main] INFO  org.coral.server.App - Starting App on DESKTOP-201116G with PID 2388 (E:\jeremy\workspace\coral\git\coral-server\target\classes started by Administrator in E:\jeremy\workspace\coral\git\coral-server)
2021-02-22 21:02:20.286 [main] INFO  org.coral.server.App - The following profiles are active: dev
2021-02-22 21:02:21.194 [main] INFO  o.s.d.r.config.RepositoryConfigurationDelegate - Multiple Spring Data modules found, entering strict repository configuration mode!
2021-02-22 21:02:21.197 [main] INFO  o.s.d.r.config.RepositoryConfigurationDelegate - Bootstrapping Spring Data Redis repositories in DEFAULT mode.
2021-02-22 21:02:21.324 [main] INFO  o.s.d.r.config.RepositoryConfigurationDelegate - Finished Spring Data repository scanning in 113ms. Found 0 Redis repository interfaces.
2021-02-22 21:02:22.182 [main] INFO  o.s.boot.web.embedded.tomcat.TomcatWebServer - Tomcat initialized with port(s): 8081 (http)
2021-02-22 21:02:22.194 [main] INFO  org.apache.coyote.http11.Http11NioProtocol - Initializing ProtocolHandler ["http-nio-8081"]
2021-02-22 21:02:22.194 [main] INFO  org.apache.catalina.core.StandardService - Starting service [Tomcat]
2021-02-22 21:02:22.195 [main] INFO  org.apache.catalina.core.StandardEngine - Starting Servlet engine: [Apache Tomcat/9.0.36]
2021-02-22 21:02:22.311 [main] INFO  o.a.c.core.ContainerBase.[Tomcat].[localhost].[/] - Initializing Spring embedded WebApplicationContext
2021-02-22 21:02:22.311 [main] INFO  o.s.b.w.s.c.ServletWebServerApplicationContext - Root WebApplicationContext: initialization completed in 1995 ms
2021-02-22 21:02:22.477 [main] INFO  org.coral.server.common.UniqueIdGenerater - UniqueIdGenerater loading...1
2021-02-22 21:02:22.544 [main] INFO  c.a.d.s.b.a.DruidDataSourceAutoConfigure - Init DruidDataSource
2021-02-22 21:02:23.457 [main] INFO  com.alibaba.druid.pool.DruidDataSource - {dataSource-1} inited
2021-02-22 21:02:23.479 [main] INFO  org.coral.server.common.DataComponent - BeanComponent loading...
2021-02-22 21:02:23.537 [main] INFO  org.coral.net.core.HandlerProcessor - The initialization message is complete and takes [9] milliseconds.
2021-02-22 21:02:23.545 [main] INFO  o.c.s.g.m.mission.manager.MissionProcessManager - 初始化任务处理器:[org.coral.server.game.module.mission.process.Mission01LoginProcess@7a3b7122]
2021-02-22 21:02:23.959 [TCP_SERVER_BOSS-1-1] INFO  io.netty.handler.logging.LoggingHandler - [id: 0xfaa64b9c] REGISTERED
2021-02-22 21:02:23.962 [TCP_SERVER_BOSS-1-1] INFO  io.netty.handler.logging.LoggingHandler - [id: 0xfaa64b9c] BIND: 0.0.0.0/0.0.0.0:5001
2021-02-22 21:02:23.963 [main] INFO  org.coral.net.network.tcp.TcpServerStarter - Netty [TCP] server listening 127.0.0.1 on port 5001 and ready for connections...
2021-02-22 21:02:23.964 [TCP_SERVER_BOSS-1-1] INFO  io.netty.handler.logging.LoggingHandler - [id: 0xfaa64b9c, L:/0:0:0:0:0:0:0:0:5001] ACTIVE
2021-02-22 21:02:23.969 [WEBSOCKET_SERVER_BOSS-4-1] INFO  io.netty.handler.logging.LoggingHandler - [id: 0x28315aaa] REGISTERED
2021-02-22 21:02:23.969 [WEBSOCKET_SERVER_BOSS-4-1] INFO  io.netty.handler.logging.LoggingHandler - [id: 0x28315aaa] BIND: 0.0.0.0/0.0.0.0:6001
2021-02-22 21:02:23.970 [WEBSOCKET_SERVER_BOSS-4-1] INFO  io.netty.handler.logging.LoggingHandler - [id: 0x28315aaa, L:/0:0:0:0:0:0:0:0:6001] ACTIVE
2021-02-22 21:02:23.970 [main] INFO  o.c.net.network.websocket.WebSocketServerStarter - Netty [WEBSOCKET] server listening 127.0.0.1 on port 6001 and ready for connections...
2021-02-22 21:02:23.974 [main] INFO  o.s.scheduling.concurrent.ThreadPoolTaskExecutor - Initializing ExecutorService
2021-02-22 21:02:23.976 [main] INFO  o.s.scheduling.concurrent.ThreadPoolTaskExecutor - Initializing ExecutorService 'taskAsyncPool'
2021-02-22 21:02:24.766 [main] INFO  o.s.b.actuate.endpoint.web.EndpointLinksResolver - Exposing 2 endpoint(s) beneath base path '/actuator'
2021-02-22 21:02:24.791 [main] INFO  org.apache.coyote.http11.Http11NioProtocol - Starting ProtocolHandler ["http-nio-8081"]
2021-02-22 21:02:24.807 [main] INFO  o.s.boot.web.embedded.tomcat.TomcatWebServer - Tomcat started on port(s): 8081 (http) with context path ''
2021-02-22 21:02:24.819 [main] INFO  org.coral.server.App - Started App in 4.932 seconds (JVM running for 5.716)
2021-02-22 21:05:10.024 [main] INFO  org.coral.server.App - Starting App on DESKTOP-201116G with PID 8132 (E:\jeremy\workspace\coral\git\coral-server\target\classes started by Administrator in E:\jeremy\workspace\coral\git\coral-server)
2021-02-22 21:05:10.026 [main] INFO  org.coral.server.App - The following profiles are active: dev
2021-02-22 21:05:10.960 [main] INFO  o.s.d.r.config.RepositoryConfigurationDelegate - Multiple Spring Data modules found, entering strict repository configuration mode!
2021-02-22 21:05:10.962 [main] INFO  o.s.d.r.config.RepositoryConfigurationDelegate - Bootstrapping Spring Data Redis repositories in DEFAULT mode.
2021-02-22 21:05:11.086 [main] INFO  o.s.d.r.config.RepositoryConfigurationDelegate - Finished Spring Data repository scanning in 111ms. Found 0 Redis repository interfaces.
2021-02-22 21:05:11.975 [main] INFO  o.s.boot.web.embedded.tomcat.TomcatWebServer - Tomcat initialized with port(s): 8081 (http)
2021-02-22 21:05:11.987 [main] INFO  org.apache.coyote.http11.Http11NioProtocol - Initializing ProtocolHandler ["http-nio-8081"]
2021-02-22 21:05:11.988 [main] INFO  org.apache.catalina.core.StandardService - Starting service [Tomcat]
2021-02-22 21:05:11.988 [main] INFO  org.apache.catalina.core.StandardEngine - Starting Servlet engine: [Apache Tomcat/9.0.36]
2021-02-22 21:05:12.089 [main] INFO  o.a.c.core.ContainerBase.[Tomcat].[localhost].[/] - Initializing Spring embedded WebApplicationContext
2021-02-22 21:05:12.089 [main] INFO  o.s.b.w.s.c.ServletWebServerApplicationContext - Root WebApplicationContext: initialization completed in 2033 ms
2021-02-22 21:05:12.253 [main] INFO  org.coral.server.common.UniqueIdGenerater - UniqueIdGenerater loading...1
2021-02-22 21:05:12.317 [main] INFO  c.a.d.s.b.a.DruidDataSourceAutoConfigure - Init DruidDataSource
2021-02-22 21:05:13.035 [main] INFO  com.alibaba.druid.pool.DruidDataSource - {dataSource-1} inited
2021-02-22 21:05:13.056 [main] INFO  org.coral.server.common.DataComponent - BeanComponent loading...
2021-02-22 21:05:13.125 [main] INFO  org.coral.net.core.HandlerProcessor - The initialization message is complete and takes [10] milliseconds.
2021-02-22 21:05:13.132 [main] INFO  o.c.s.g.m.mission.manager.MissionProcessManager - 初始化任务处理器:[org.coral.server.game.module.mission.process.Mission01LoginProcess@4da39ca9]
2021-02-22 21:05:13.497 [TCP_SERVER_BOSS-1-1] INFO  io.netty.handler.logging.LoggingHandler - [id: 0xcc54e096] REGISTERED
2021-02-22 21:05:13.499 [TCP_SERVER_BOSS-1-1] INFO  io.netty.handler.logging.LoggingHandler - [id: 0xcc54e096] BIND: 0.0.0.0/0.0.0.0:5001
2021-02-22 21:05:13.500 [main] INFO  org.coral.net.network.tcp.TcpServerStarter - Netty [TCP] server listening 127.0.0.1 on port 5001 and ready for connections...
2021-02-22 21:05:13.500 [TCP_SERVER_BOSS-1-1] INFO  io.netty.handler.logging.LoggingHandler - [id: 0xcc54e096, L:/0:0:0:0:0:0:0:0:5001] ACTIVE
2021-02-22 21:05:13.503 [WEBSOCKET_SERVER_BOSS-4-1] INFO  io.netty.handler.logging.LoggingHandler - [id: 0x99e44d56] REGISTERED
2021-02-22 21:05:13.503 [WEBSOCKET_SERVER_BOSS-4-1] INFO  io.netty.handler.logging.LoggingHandler - [id: 0x99e44d56] BIND: 0.0.0.0/0.0.0.0:6001
2021-02-22 21:05:13.504 [WEBSOCKET_SERVER_BOSS-4-1] INFO  io.netty.handler.logging.LoggingHandler - [id: 0x99e44d56, L:/0:0:0:0:0:0:0:0:6001] ACTIVE
2021-02-22 21:05:13.504 [main] INFO  o.c.net.network.websocket.WebSocketServerStarter - Netty [WEBSOCKET] server listening 127.0.0.1 on port 6001 and ready for connections...
2021-02-22 21:05:13.507 [main] INFO  o.s.scheduling.concurrent.ThreadPoolTaskExecutor - Initializing ExecutorService
2021-02-22 21:05:13.509 [main] INFO  o.s.scheduling.concurrent.ThreadPoolTaskExecutor - Initializing ExecutorService 'taskAsyncPool'
2021-02-22 21:05:14.161 [main] INFO  o.s.b.actuate.endpoint.web.EndpointLinksResolver - Exposing 2 endpoint(s) beneath base path '/actuator'
2021-02-22 21:05:14.186 [main] INFO  org.apache.coyote.http11.Http11NioProtocol - Starting ProtocolHandler ["http-nio-8081"]
2021-02-22 21:05:14.199 [main] INFO  o.s.boot.web.embedded.tomcat.TomcatWebServer - Tomcat started on port(s): 8081 (http) with context path ''
2021-02-22 21:05:14.210 [main] INFO  org.coral.server.App - Started App in 4.652 seconds (JVM running for 5.443)
2021-02-22 21:06:57.587 [main] INFO  org.coral.server.App - Starting App on DESKTOP-201116G with PID 20460 (E:\jeremy\workspace\coral\git\coral-server\target\classes started by Administrator in E:\jeremy\workspace\coral\git\coral-server)
2021-02-22 21:06:57.588 [main] INFO  org.coral.server.App - The following profiles are active: dev
2021-02-22 21:06:58.515 [main] INFO  o.s.d.r.config.RepositoryConfigurationDelegate - Multiple Spring Data modules found, entering strict repository configuration mode!
2021-02-22 21:06:58.518 [main] INFO  o.s.d.r.config.RepositoryConfigurationDelegate - Bootstrapping Spring Data Redis repositories in DEFAULT mode.
2021-02-22 21:06:58.642 [main] INFO  o.s.d.r.config.RepositoryConfigurationDelegate - Finished Spring Data repository scanning in 112ms. Found 0 Redis repository interfaces.
2021-02-22 21:06:59.491 [main] INFO  o.s.boot.web.embedded.tomcat.TomcatWebServer - Tomcat initialized with port(s): 8081 (http)
2021-02-22 21:06:59.505 [main] INFO  org.apache.coyote.http11.Http11NioProtocol - Initializing ProtocolHandler ["http-nio-8081"]
2021-02-22 21:06:59.505 [main] INFO  org.apache.catalina.core.StandardService - Starting service [Tomcat]
2021-02-22 21:06:59.505 [main] INFO  org.apache.catalina.core.StandardEngine - Starting Servlet engine: [Apache Tomcat/9.0.36]
2021-02-22 21:06:59.612 [main] INFO  o.a.c.core.ContainerBase.[Tomcat].[localhost].[/] - Initializing Spring embedded WebApplicationContext
2021-02-22 21:06:59.612 [main] INFO  o.s.b.w.s.c.ServletWebServerApplicationContext - Root WebApplicationContext: initialization completed in 1990 ms
2021-02-22 21:06:59.780 [main] INFO  org.coral.server.common.UniqueIdGenerater - UniqueIdGenerater loading...1
2021-02-22 21:06:59.853 [main] INFO  c.a.d.s.b.a.DruidDataSourceAutoConfigure - Init DruidDataSource
2021-02-22 21:07:00.635 [main] INFO  com.alibaba.druid.pool.DruidDataSource - {dataSource-1} inited
2021-02-22 21:07:00.658 [main] INFO  org.coral.server.common.DataComponent - BeanComponent loading...
2021-02-22 21:07:00.719 [main] INFO  org.coral.net.core.HandlerProcessor - The initialization message is complete and takes [11] milliseconds.
2021-02-22 21:07:00.728 [main] INFO  o.c.s.g.m.mission.manager.MissionProcessManager - 初始化任务处理器:[org.coral.server.game.module.mission.process.Mission01LoginProcess@2bfaba70]
2021-02-22 21:07:01.097 [TCP_SERVER_BOSS-1-1] INFO  io.netty.handler.logging.LoggingHandler - [id: 0x8d31a5f4] REGISTERED
2021-02-22 21:07:01.100 [TCP_SERVER_BOSS-1-1] INFO  io.netty.handler.logging.LoggingHandler - [id: 0x8d31a5f4] BIND: 0.0.0.0/0.0.0.0:5001
2021-02-22 21:07:01.100 [main] INFO  org.coral.net.network.tcp.TcpServerStarter - Netty [TCP] server listening 127.0.0.1 on port 5001 and ready for connections...
2021-02-22 21:07:01.101 [TCP_SERVER_BOSS-1-1] INFO  io.netty.handler.logging.LoggingHandler - [id: 0x8d31a5f4, L:/0:0:0:0:0:0:0:0:5001] ACTIVE
2021-02-22 21:07:01.104 [WEBSOCKET_SERVER_BOSS-4-1] INFO  io.netty.handler.logging.LoggingHandler - [id: 0xcbd36017] REGISTERED
2021-02-22 21:07:01.105 [WEBSOCKET_SERVER_BOSS-4-1] INFO  io.netty.handler.logging.LoggingHandler - [id: 0xcbd36017] BIND: 0.0.0.0/0.0.0.0:6001
2021-02-22 21:07:01.105 [WEBSOCKET_SERVER_BOSS-4-1] INFO  io.netty.handler.logging.LoggingHandler - [id: 0xcbd36017, L:/0:0:0:0:0:0:0:0:6001] ACTIVE
2021-02-22 21:07:01.105 [main] INFO  o.c.net.network.websocket.WebSocketServerStarter - Netty [WEBSOCKET] server listening 127.0.0.1 on port 6001 and ready for connections...
2021-02-22 21:07:01.109 [main] INFO  o.s.scheduling.concurrent.ThreadPoolTaskExecutor - Initializing ExecutorService
2021-02-22 21:07:01.110 [main] INFO  o.s.scheduling.concurrent.ThreadPoolTaskExecutor - Initializing ExecutorService 'taskAsyncPool'
2021-02-22 21:07:01.738 [main] INFO  o.s.b.actuate.endpoint.web.EndpointLinksResolver - Exposing 2 endpoint(s) beneath base path '/actuator'
2021-02-22 21:07:01.759 [main] INFO  org.apache.coyote.http11.Http11NioProtocol - Starting ProtocolHandler ["http-nio-8081"]
2021-02-22 21:07:01.773 [main] INFO  o.s.boot.web.embedded.tomcat.TomcatWebServer - Tomcat started on port(s): 8081 (http) with context path ''
2021-02-22 21:07:01.784 [main] INFO  org.coral.server.App - Started App in 4.651 seconds (JVM running for 5.437)
