2020-07-19 14:05:50.327 [main] INFO  org.coral.server.App - Starting App on DESKTOP-I6VTE4Q with PID 27860 (E:\server\jeremy\workspace\coral\coral-server\target\classes started by Jereme in E:\server\jeremy\workspace\coral\coral-server)
2020-07-19 14:05:50.328 [main] INFO  org.coral.server.App - The following profiles are active: dev
2020-07-19 14:05:52.241 [main] INFO  o.s.boot.web.embedded.tomcat.TomcatWebServer - Tomcat initialized with port(s): 8080 (http)
2020-07-19 14:05:52.255 [main] INFO  org.apache.coyote.http11.Http11NioProtocol - Initializing ProtocolHandler ["http-nio-8080"]
2020-07-19 14:05:52.255 [main] INFO  org.apache.catalina.core.StandardService - Starting service [Tomcat]
2020-07-19 14:05:52.256 [main] INFO  org.apache.catalina.core.StandardEngine - Starting Servlet engine: [Apache Tomcat/9.0.36]
2020-07-19 14:05:52.351 [main] INFO  o.a.c.core.ContainerBase.[Tomcat].[localhost].[/] - Initializing Spring embedded WebApplicationContext
2020-07-19 14:05:52.351 [main] INFO  o.s.b.w.s.c.ServletWebServerApplicationContext - Root WebApplicationContext: initialization completed in 1980 ms
2020-07-19 14:05:52.623 [main] INFO  c.a.d.s.b.a.DruidDataSourceAutoConfigure - Init DruidDataSource
2020-07-19 14:05:53.114 [main] INFO  com.alibaba.druid.pool.DruidDataSource - {dataSource-1} inited
2020-07-19 14:05:53.203 [main] INFO  org.coral.net.core.HandlerProcessor - The initialization message is complete and takes [12] milliseconds.
2020-07-19 14:05:53.254 [main] INFO  o.c.net.core.base.executor.DisruptorExecutorGroup - End to init DisruptorExecutorGroup, initWorkers:16, cost time:44
2020-07-19 14:05:54.244 [TCP_SERVER_BOSS-1-1] INFO  io.netty.handler.logging.LoggingHandler - [id: 0xfa3d34c9] REGISTERED
2020-07-19 14:05:54.247 [TCP_SERVER_BOSS-1-1] INFO  io.netty.handler.logging.LoggingHandler - [id: 0xfa3d34c9] BIND: 0.0.0.0/0.0.0.0:5001
2020-07-19 14:05:54.248 [main] INFO  org.coral.net.network.tcp.TcpServerStarter - Netty [TCP] server listening 127.0.0.1 on port 5001 and ready for connections...
2020-07-19 14:05:54.249 [TCP_SERVER_BOSS-1-1] INFO  io.netty.handler.logging.LoggingHandler - [id: 0xfa3d34c9, L:/0:0:0:0:0:0:0:0:5001] ACTIVE
2020-07-19 14:05:54.253 [WEBSOCKET_SERVER_BOSS-4-1] INFO  io.netty.handler.logging.LoggingHandler - [id: 0xdfe02ea4] REGISTERED
2020-07-19 14:05:54.253 [WEBSOCKET_SERVER_BOSS-4-1] INFO  io.netty.handler.logging.LoggingHandler - [id: 0xdfe02ea4] BIND: 0.0.0.0/0.0.0.0:6001
2020-07-19 14:05:54.254 [WEBSOCKET_SERVER_BOSS-4-1] INFO  io.netty.handler.logging.LoggingHandler - [id: 0xdfe02ea4, L:/0:0:0:0:0:0:0:0:6001] ACTIVE
2020-07-19 14:05:54.254 [main] INFO  o.c.net.network.websocket.WebSocketServerStarter - Netty [WEBSOCKET] server listening 127.0.0.1 on port 6001 and ready for connections...
2020-07-19 14:05:54.260 [main] INFO  o.s.scheduling.concurrent.ThreadPoolTaskExecutor - Initializing ExecutorService
2020-07-19 14:05:54.261 [main] INFO  o.s.scheduling.concurrent.ThreadPoolTaskExecutor - Initializing ExecutorService 'taskAsyncPool'
2020-07-19 14:05:54.639 [main] INFO  o.s.b.actuate.endpoint.web.EndpointLinksResolver - Exposing 2 endpoint(s) beneath base path '/actuator'
2020-07-19 14:05:54.666 [main] INFO  org.apache.coyote.http11.Http11NioProtocol - Starting ProtocolHandler ["http-nio-8080"]
2020-07-19 14:05:54.686 [main] INFO  o.s.boot.web.embedded.tomcat.TomcatWebServer - Tomcat started on port(s): 8080 (http) with context path ''
2020-07-19 14:05:54.704 [main] INFO  org.coral.server.App - Started App in 4.815 seconds (JVM running for 5.209)
2020-07-19 14:07:08.066 [TCP_SERVER_BOSS-1-1] INFO  io.netty.handler.logging.LoggingHandler - [id: 0xfa3d34c9, L:/0:0:0:0:0:0:0:0:5001] READ: [id: 0x69e1cf29, L:/127.0.0.1:5001 - R:/127.0.0.1:60527]
2020-07-19 14:07:08.068 [TCP_SERVER_BOSS-1-1] INFO  io.netty.handler.logging.LoggingHandler - [id: 0xfa3d34c9, L:/0:0:0:0:0:0:0:0:5001] READ COMPLETE
2020-07-19 14:07:08.082 [TCP_SERVER_WORKER-3-1] INFO  org.coral.net.core.base.ServerHandler - 客户端连接游戏服:/127.0.0.1:60527
2020-07-19 14:07:08.161 [TCP_SERVER_WORKER-3-1] INFO  org.coral.net.network.tcp.TcpServerHandler - ===============channelRead0====================:PooledUnsafeDirectByteBuf(ridx: 0, widx: 47, cap: 1024)
2020-07-19 14:07:08.191 [Disruptor-1] INFO  o.c.s.game.module.player.handler.PlayerHandler - PlayerHandler login， session:org.coral.net.core.base.GameSession@607f1ae6
2020-07-19 14:07:08.207 [Disruptor-1] INFO  org.coral.net.core.base.GameSession - ========push========:org.coral.net.core.base.Packet@441af117
2020-07-19 14:07:08.207 [TCP_SERVER_WORKER-3-1] INFO  org.coral.net.network.tcp.TcpProtocolEncoder - TcpProtocolEncoder out:PooledUnsafeDirectByteBuf(ridx: 0, widx: 4, cap: 256)
2020-07-19 14:07:17.252 [TCP_SERVER_WORKER-3-1] INFO  org.coral.net.core.base.ServerHandler - 客户端连接断开:/127.0.0.1:60527
2020-07-19 14:22:40.246 [main] INFO  org.coral.server.App - Starting App on DESKTOP-I6VTE4Q with PID 17592 (E:\server\jeremy\workspace\coral\coral-server\target\classes started by Jereme in E:\server\jeremy\workspace\coral\coral-server)
2020-07-19 14:22:40.251 [main] INFO  org.coral.server.App - The following profiles are active: dev
2020-07-19 14:22:42.790 [main] INFO  o.s.boot.web.embedded.tomcat.TomcatWebServer - Tomcat initialized with port(s): 8080 (http)
2020-07-19 14:22:42.807 [main] INFO  org.apache.coyote.http11.Http11NioProtocol - Initializing ProtocolHandler ["http-nio-8080"]
2020-07-19 14:22:42.808 [main] INFO  org.apache.catalina.core.StandardService - Starting service [Tomcat]
2020-07-19 14:22:42.808 [main] INFO  org.apache.catalina.core.StandardEngine - Starting Servlet engine: [Apache Tomcat/9.0.36]
2020-07-19 14:22:42.939 [main] INFO  o.a.c.core.ContainerBase.[Tomcat].[localhost].[/] - Initializing Spring embedded WebApplicationContext
2020-07-19 14:22:42.940 [main] INFO  o.s.b.w.s.c.ServletWebServerApplicationContext - Root WebApplicationContext: initialization completed in 2621 ms
2020-07-19 14:22:43.231 [main] INFO  c.a.d.s.b.a.DruidDataSourceAutoConfigure - Init DruidDataSource
2020-07-19 14:22:43.759 [main] INFO  com.alibaba.druid.pool.DruidDataSource - {dataSource-1} inited
2020-07-19 14:22:43.856 [main] INFO  org.coral.net.core.HandlerProcessor - The initialization message is complete and takes [13] milliseconds.
2020-07-19 14:22:43.918 [main] INFO  o.c.net.core.base.executor.DisruptorExecutorGroup - End to init DisruptorExecutorGroup, initWorkers:16, cost time:54
2020-07-19 14:22:44.956 [TCP_SERVER_BOSS-1-1] INFO  io.netty.handler.logging.LoggingHandler - [id: 0x2b7cd46a] REGISTERED
2020-07-19 14:22:44.960 [TCP_SERVER_BOSS-1-1] INFO  io.netty.handler.logging.LoggingHandler - [id: 0x2b7cd46a] BIND: 0.0.0.0/0.0.0.0:5001
2020-07-19 14:22:44.961 [main] INFO  org.coral.net.network.tcp.TcpServerStarter - Netty [TCP] server listening 127.0.0.1 on port 5001 and ready for connections...
2020-07-19 14:22:44.962 [TCP_SERVER_BOSS-1-1] INFO  io.netty.handler.logging.LoggingHandler - [id: 0x2b7cd46a, L:/0:0:0:0:0:0:0:0:5001] ACTIVE
2020-07-19 14:22:44.967 [WEBSOCKET_SERVER_BOSS-4-1] INFO  io.netty.handler.logging.LoggingHandler - [id: 0x46bc833a] REGISTERED
2020-07-19 14:22:44.967 [WEBSOCKET_SERVER_BOSS-4-1] INFO  io.netty.handler.logging.LoggingHandler - [id: 0x46bc833a] BIND: 0.0.0.0/0.0.0.0:6001
2020-07-19 14:22:44.967 [WEBSOCKET_SERVER_BOSS-4-1] INFO  io.netty.handler.logging.LoggingHandler - [id: 0x46bc833a, L:/0:0:0:0:0:0:0:0:6001] ACTIVE
2020-07-19 14:22:44.967 [main] INFO  o.c.net.network.websocket.WebSocketServerStarter - Netty [WEBSOCKET] server listening 127.0.0.1 on port 6001 and ready for connections...
2020-07-19 14:22:44.973 [main] INFO  o.s.scheduling.concurrent.ThreadPoolTaskExecutor - Initializing ExecutorService
2020-07-19 14:22:44.974 [main] INFO  o.s.scheduling.concurrent.ThreadPoolTaskExecutor - Initializing ExecutorService 'taskAsyncPool'
2020-07-19 14:22:45.442 [main] INFO  o.s.b.actuate.endpoint.web.EndpointLinksResolver - Exposing 2 endpoint(s) beneath base path '/actuator'
2020-07-19 14:22:45.519 [main] INFO  org.apache.coyote.http11.Http11NioProtocol - Starting ProtocolHandler ["http-nio-8080"]
2020-07-19 14:22:45.545 [main] INFO  o.s.boot.web.embedded.tomcat.TomcatWebServer - Tomcat started on port(s): 8080 (http) with context path ''
2020-07-19 14:22:45.559 [main] INFO  org.coral.server.App - Started App in 5.958 seconds (JVM running for 6.768)
2020-07-19 14:22:59.871 [TCP_SERVER_BOSS-1-1] INFO  io.netty.handler.logging.LoggingHandler - [id: 0x2b7cd46a, L:/0:0:0:0:0:0:0:0:5001] READ: [id: 0x89258891, L:/127.0.0.1:5001 - R:/127.0.0.1:62116]
2020-07-19 14:22:59.873 [TCP_SERVER_BOSS-1-1] INFO  io.netty.handler.logging.LoggingHandler - [id: 0x2b7cd46a, L:/0:0:0:0:0:0:0:0:5001] READ COMPLETE
2020-07-19 14:22:59.899 [TCP_SERVER_WORKER-3-1] INFO  org.coral.net.core.base.ServerHandler - 客户端连接游戏服:/127.0.0.1:62116
2020-07-19 14:22:59.989 [TCP_SERVER_WORKER-3-1] INFO  org.coral.net.network.tcp.TcpServerHandler - ===============channelRead0====================:PooledSlicedByteBuf(ridx: 0, widx: 1, cap: 1/1, unwrapped: PooledUnsafeDirectByteBuf(ridx: 3, widx: 47, cap: 1024))
2020-07-19 14:22:59.992 [TCP_SERVER_WORKER-3-1] ERROR org.coral.net.core.base.ServerHandler - 协议解析失败
java.lang.IndexOutOfBoundsException: readerIndex(0) + length(2) exceeds writerIndex(1): PooledSlicedByteBuf(ridx: 0, widx: 1, cap: 1/1, unwrapped: PooledUnsafeDirectByteBuf(ridx: 3, widx: 47, cap: 1024))
	at io.netty.buffer.AbstractByteBuf.checkReadableBytes0(AbstractByteBuf.java:1477)
	at io.netty.buffer.AbstractByteBuf.readShort(AbstractByteBuf.java:750)
	at org.coral.net.core.base.Packet.decode(Packet.java:32)
	at org.coral.net.core.base.ServerHandler.onReceive(ServerHandler.java:39)
	at org.coral.net.network.tcp.TcpServerHandler.channelRead0(TcpServerHandler.java:55)
	at org.coral.net.network.tcp.TcpServerHandler.channelRead0(TcpServerHandler.java:1)
	at io.netty.channel.SimpleChannelInboundHandler.channelRead(SimpleChannelInboundHandler.java:99)
	at io.netty.channel.AbstractChannelHandlerContext.invokeChannelRead(AbstractChannelHandlerContext.java:379)
	at io.netty.channel.AbstractChannelHandlerContext.invokeChannelRead(AbstractChannelHandlerContext.java:365)
	at io.netty.channel.AbstractChannelHandlerContext.fireChannelRead(AbstractChannelHandlerContext.java:357)
	at io.netty.handler.codec.ByteToMessageDecoder.fireChannelRead(ByteToMessageDecoder.java:324)
	at io.netty.handler.codec.ByteToMessageDecoder.fireChannelRead(ByteToMessageDecoder.java:311)
	at io.netty.handler.codec.ByteToMessageDecoder.callDecode(ByteToMessageDecoder.java:425)
	at io.netty.handler.codec.ByteToMessageDecoder.channelRead(ByteToMessageDecoder.java:276)
	at io.netty.channel.AbstractChannelHandlerContext.invokeChannelRead(AbstractChannelHandlerContext.java:379)
	at io.netty.channel.AbstractChannelHandlerContext.invokeChannelRead(AbstractChannelHandlerContext.java:365)
	at io.netty.channel.AbstractChannelHandlerContext.fireChannelRead(AbstractChannelHandlerContext.java:357)
	at io.netty.handler.timeout.IdleStateHandler.channelRead(IdleStateHandler.java:286)
	at io.netty.channel.AbstractChannelHandlerContext.invokeChannelRead(AbstractChannelHandlerContext.java:379)
	at io.netty.channel.AbstractChannelHandlerContext.invokeChannelRead(AbstractChannelHandlerContext.java:365)
	at io.netty.channel.AbstractChannelHandlerContext.fireChannelRead(AbstractChannelHandlerContext.java:357)
	at io.netty.channel.DefaultChannelPipeline$HeadContext.channelRead(DefaultChannelPipeline.java:1410)
	at io.netty.channel.AbstractChannelHandlerContext.invokeChannelRead(AbstractChannelHandlerContext.java:379)
	at io.netty.channel.AbstractChannelHandlerContext.invokeChannelRead(AbstractChannelHandlerContext.java:365)
	at io.netty.channel.DefaultChannelPipeline.fireChannelRead(DefaultChannelPipeline.java:919)
	at io.netty.channel.nio.AbstractNioByteChannel$NioByteUnsafe.read(AbstractNioByteChannel.java:163)
	at io.netty.channel.nio.NioEventLoop.processSelectedKey(NioEventLoop.java:714)
	at io.netty.channel.nio.NioEventLoop.processSelectedKeysOptimized(NioEventLoop.java:650)
	at io.netty.channel.nio.NioEventLoop.processSelectedKeys(NioEventLoop.java:576)
	at io.netty.channel.nio.NioEventLoop.run(NioEventLoop.java:493)
	at io.netty.util.concurrent.SingleThreadEventExecutor$4.run(SingleThreadEventExecutor.java:989)
	at io.netty.util.internal.ThreadExecutorMap$2.run(ThreadExecutorMap.java:74)
	at io.netty.util.concurrent.FastThreadLocalRunnable.run(FastThreadLocalRunnable.java:30)
	at java.lang.Thread.run(Thread.java:748)
2020-07-19 14:23:50.315 [main] INFO  org.coral.server.App - Starting App on DESKTOP-I6VTE4Q with PID 36308 (E:\server\jeremy\workspace\coral\coral-server\target\classes started by Jereme in E:\server\jeremy\workspace\coral\coral-server)
2020-07-19 14:23:50.317 [main] INFO  org.coral.server.App - The following profiles are active: dev
2020-07-19 14:23:52.184 [main] INFO  o.s.boot.web.embedded.tomcat.TomcatWebServer - Tomcat initialized with port(s): 8080 (http)
2020-07-19 14:23:52.195 [main] INFO  org.apache.coyote.http11.Http11NioProtocol - Initializing ProtocolHandler ["http-nio-8080"]
2020-07-19 14:23:52.196 [main] INFO  org.apache.catalina.core.StandardService - Starting service [Tomcat]
2020-07-19 14:23:52.196 [main] INFO  org.apache.catalina.core.StandardEngine - Starting Servlet engine: [Apache Tomcat/9.0.36]
2020-07-19 14:23:52.282 [main] INFO  o.a.c.core.ContainerBase.[Tomcat].[localhost].[/] - Initializing Spring embedded WebApplicationContext
2020-07-19 14:23:52.282 [main] INFO  o.s.b.w.s.c.ServletWebServerApplicationContext - Root WebApplicationContext: initialization completed in 1918 ms
2020-07-19 14:23:52.519 [main] INFO  c.a.d.s.b.a.DruidDataSourceAutoConfigure - Init DruidDataSource
2020-07-19 14:23:52.963 [main] INFO  com.alibaba.druid.pool.DruidDataSource - {dataSource-1} inited
2020-07-19 14:23:53.026 [main] INFO  org.coral.net.core.HandlerProcessor - The initialization message is complete and takes [9] milliseconds.
2020-07-19 14:23:53.079 [main] INFO  o.c.net.core.base.executor.DisruptorExecutorGroup - End to init DisruptorExecutorGroup, initWorkers:16, cost time:46
2020-07-19 14:23:54.064 [TCP_SERVER_BOSS-1-1] INFO  io.netty.handler.logging.LoggingHandler - [id: 0x025568d8] REGISTERED
2020-07-19 14:23:54.066 [TCP_SERVER_BOSS-1-1] INFO  io.netty.handler.logging.LoggingHandler - [id: 0x025568d8] BIND: 0.0.0.0/0.0.0.0:5001
2020-07-19 14:23:54.067 [main] INFO  org.coral.net.network.tcp.TcpServerStarter - Netty [TCP] server listening 127.0.0.1 on port 5001 and ready for connections...
2020-07-19 14:23:54.068 [TCP_SERVER_BOSS-1-1] INFO  io.netty.handler.logging.LoggingHandler - [id: 0x025568d8, L:/0:0:0:0:0:0:0:0:5001] ACTIVE
2020-07-19 14:23:54.072 [WEBSOCKET_SERVER_BOSS-4-1] INFO  io.netty.handler.logging.LoggingHandler - [id: 0xb8aed862] REGISTERED
2020-07-19 14:23:54.072 [WEBSOCKET_SERVER_BOSS-4-1] INFO  io.netty.handler.logging.LoggingHandler - [id: 0xb8aed862] BIND: 0.0.0.0/0.0.0.0:6001
2020-07-19 14:23:54.072 [WEBSOCKET_SERVER_BOSS-4-1] INFO  io.netty.handler.logging.LoggingHandler - [id: 0xb8aed862, L:/0:0:0:0:0:0:0:0:6001] ACTIVE
2020-07-19 14:23:54.072 [main] INFO  o.c.net.network.websocket.WebSocketServerStarter - Netty [WEBSOCKET] server listening 127.0.0.1 on port 6001 and ready for connections...
2020-07-19 14:23:54.077 [main] INFO  o.s.scheduling.concurrent.ThreadPoolTaskExecutor - Initializing ExecutorService
2020-07-19 14:23:54.079 [main] INFO  o.s.scheduling.concurrent.ThreadPoolTaskExecutor - Initializing ExecutorService 'taskAsyncPool'
2020-07-19 14:23:54.434 [main] INFO  o.s.b.actuate.endpoint.web.EndpointLinksResolver - Exposing 2 endpoint(s) beneath base path '/actuator'
2020-07-19 14:23:54.467 [main] INFO  org.apache.coyote.http11.Http11NioProtocol - Starting ProtocolHandler ["http-nio-8080"]
2020-07-19 14:23:54.487 [main] INFO  o.s.boot.web.embedded.tomcat.TomcatWebServer - Tomcat started on port(s): 8080 (http) with context path ''
2020-07-19 14:23:54.500 [main] INFO  org.coral.server.App - Started App in 4.588 seconds (JVM running for 4.954)
2020-07-19 14:24:15.483 [TCP_SERVER_BOSS-1-1] INFO  io.netty.handler.logging.LoggingHandler - [id: 0x025568d8, L:/0:0:0:0:0:0:0:0:5001] READ: [id: 0x66c0e3a7, L:/127.0.0.1:5001 - R:/127.0.0.1:62235]
2020-07-19 14:24:15.485 [TCP_SERVER_BOSS-1-1] INFO  io.netty.handler.logging.LoggingHandler - [id: 0x025568d8, L:/0:0:0:0:0:0:0:0:5001] READ COMPLETE
2020-07-19 14:24:15.499 [TCP_SERVER_WORKER-3-1] INFO  org.coral.net.core.base.ServerHandler - 客户端连接游戏服:/127.0.0.1:62235
2020-07-19 14:24:15.570 [TCP_SERVER_WORKER-3-1] ERROR org.coral.net.core.base.ServerHandler - 游戏协议通信过程出错
io.netty.handler.codec.TooLongFrameException: Adjusted frame length exceeds 8192: 68108 - discarded
	at io.netty.handler.codec.LengthFieldBasedFrameDecoder.fail(LengthFieldBasedFrameDecoder.java:503)
	at io.netty.handler.codec.LengthFieldBasedFrameDecoder.failIfNecessary(LengthFieldBasedFrameDecoder.java:489)
	at io.netty.handler.codec.LengthFieldBasedFrameDecoder.exceededFrameLength(LengthFieldBasedFrameDecoder.java:376)
	at io.netty.handler.codec.LengthFieldBasedFrameDecoder.decode(LengthFieldBasedFrameDecoder.java:419)
	at io.netty.handler.codec.LengthFieldBasedFrameDecoder.decode(LengthFieldBasedFrameDecoder.java:332)
	at io.netty.handler.codec.ByteToMessageDecoder.decodeRemovalReentryProtection(ByteToMessageDecoder.java:501)
	at io.netty.handler.codec.ByteToMessageDecoder.callDecode(ByteToMessageDecoder.java:440)
	at io.netty.handler.codec.ByteToMessageDecoder.channelRead(ByteToMessageDecoder.java:276)
	at io.netty.channel.AbstractChannelHandlerContext.invokeChannelRead(AbstractChannelHandlerContext.java:379)
	at io.netty.channel.AbstractChannelHandlerContext.invokeChannelRead(AbstractChannelHandlerContext.java:365)
	at io.netty.channel.AbstractChannelHandlerContext.fireChannelRead(AbstractChannelHandlerContext.java:357)
	at io.netty.handler.timeout.IdleStateHandler.channelRead(IdleStateHandler.java:286)
	at io.netty.channel.AbstractChannelHandlerContext.invokeChannelRead(AbstractChannelHandlerContext.java:379)
	at io.netty.channel.AbstractChannelHandlerContext.invokeChannelRead(AbstractChannelHandlerContext.java:365)
	at io.netty.channel.AbstractChannelHandlerContext.fireChannelRead(AbstractChannelHandlerContext.java:357)
	at io.netty.channel.DefaultChannelPipeline$HeadContext.channelRead(DefaultChannelPipeline.java:1410)
	at io.netty.channel.AbstractChannelHandlerContext.invokeChannelRead(AbstractChannelHandlerContext.java:379)
	at io.netty.channel.AbstractChannelHandlerContext.invokeChannelRead(AbstractChannelHandlerContext.java:365)
	at io.netty.channel.DefaultChannelPipeline.fireChannelRead(DefaultChannelPipeline.java:919)
	at io.netty.channel.nio.AbstractNioByteChannel$NioByteUnsafe.read(AbstractNioByteChannel.java:163)
	at io.netty.channel.nio.NioEventLoop.processSelectedKey(NioEventLoop.java:714)
	at io.netty.channel.nio.NioEventLoop.processSelectedKeysOptimized(NioEventLoop.java:650)
	at io.netty.channel.nio.NioEventLoop.processSelectedKeys(NioEventLoop.java:576)
	at io.netty.channel.nio.NioEventLoop.run(NioEventLoop.java:493)
	at io.netty.util.concurrent.SingleThreadEventExecutor$4.run(SingleThreadEventExecutor.java:989)
	at io.netty.util.internal.ThreadExecutorMap$2.run(ThreadExecutorMap.java:74)
	at io.netty.util.concurrent.FastThreadLocalRunnable.run(FastThreadLocalRunnable.java:30)
	at java.lang.Thread.run(Thread.java:748)
2020-07-19 15:10:06.020 [main] INFO  org.coral.server.App - Starting App on DESKTOP-I6VTE4Q with PID 33388 (E:\server\jeremy\workspace\coral\coral-server\target\classes started by Jereme in E:\server\jeremy\workspace\coral\coral-server)
2020-07-19 15:10:06.025 [main] INFO  org.coral.server.App - The following profiles are active: dev
2020-07-19 15:10:08.951 [main] INFO  o.s.boot.web.embedded.tomcat.TomcatWebServer - Tomcat initialized with port(s): 8080 (http)
2020-07-19 15:10:08.968 [main] INFO  org.apache.coyote.http11.Http11NioProtocol - Initializing ProtocolHandler ["http-nio-8080"]
2020-07-19 15:10:08.968 [main] INFO  org.apache.catalina.core.StandardService - Starting service [Tomcat]
2020-07-19 15:10:08.968 [main] INFO  org.apache.catalina.core.StandardEngine - Starting Servlet engine: [Apache Tomcat/9.0.36]
2020-07-19 15:10:09.100 [main] INFO  o.a.c.core.ContainerBase.[Tomcat].[localhost].[/] - Initializing Spring embedded WebApplicationContext
2020-07-19 15:10:09.101 [main] INFO  o.s.b.w.s.c.ServletWebServerApplicationContext - Root WebApplicationContext: initialization completed in 3012 ms
2020-07-19 15:10:09.450 [main] INFO  c.a.d.s.b.a.DruidDataSourceAutoConfigure - Init DruidDataSource
2020-07-19 15:10:10.044 [main] INFO  com.alibaba.druid.pool.DruidDataSource - {dataSource-1} inited
2020-07-19 15:10:10.170 [main] INFO  org.coral.net.core.HandlerProcessor - The initialization message is complete and takes [16] milliseconds.
2020-07-19 15:10:10.240 [main] INFO  o.c.net.core.base.executor.DisruptorExecutorGroup - End to init DisruptorExecutorGroup, initWorkers:16, cost time:59
2020-07-19 15:10:11.466 [TCP_SERVER_BOSS-1-1] INFO  io.netty.handler.logging.LoggingHandler - [id: 0xcc54c309] REGISTERED
2020-07-19 15:10:11.468 [TCP_SERVER_BOSS-1-1] INFO  io.netty.handler.logging.LoggingHandler - [id: 0xcc54c309] BIND: 0.0.0.0/0.0.0.0:5001
2020-07-19 15:10:11.470 [main] INFO  org.coral.net.network.tcp.TcpServerStarter - Netty [TCP] server listening 127.0.0.1 on port 5001 and ready for connections...
2020-07-19 15:10:11.471 [TCP_SERVER_BOSS-1-1] INFO  io.netty.handler.logging.LoggingHandler - [id: 0xcc54c309, L:/0:0:0:0:0:0:0:0:5001] ACTIVE
2020-07-19 15:10:11.475 [WEBSOCKET_SERVER_BOSS-4-1] INFO  io.netty.handler.logging.LoggingHandler - [id: 0x7862f52a] REGISTERED
2020-07-19 15:10:11.475 [WEBSOCKET_SERVER_BOSS-4-1] INFO  io.netty.handler.logging.LoggingHandler - [id: 0x7862f52a] BIND: 0.0.0.0/0.0.0.0:6001
2020-07-19 15:10:11.476 [WEBSOCKET_SERVER_BOSS-4-1] INFO  io.netty.handler.logging.LoggingHandler - [id: 0x7862f52a, L:/0:0:0:0:0:0:0:0:6001] ACTIVE
2020-07-19 15:10:11.476 [main] INFO  o.c.net.network.websocket.WebSocketServerStarter - Netty [WEBSOCKET] server listening 127.0.0.1 on port 6001 and ready for connections...
2020-07-19 15:10:11.481 [main] INFO  o.s.scheduling.concurrent.ThreadPoolTaskExecutor - Initializing ExecutorService
2020-07-19 15:10:11.483 [main] INFO  o.s.scheduling.concurrent.ThreadPoolTaskExecutor - Initializing ExecutorService 'taskAsyncPool'
2020-07-19 15:10:11.992 [main] INFO  o.s.b.actuate.endpoint.web.EndpointLinksResolver - Exposing 2 endpoint(s) beneath base path '/actuator'
2020-07-19 15:10:12.031 [main] INFO  org.apache.coyote.http11.Http11NioProtocol - Starting ProtocolHandler ["http-nio-8080"]
2020-07-19 15:10:12.058 [main] INFO  o.s.boot.web.embedded.tomcat.TomcatWebServer - Tomcat started on port(s): 8080 (http) with context path ''
2020-07-19 15:10:12.078 [main] INFO  org.coral.server.App - Started App in 6.713 seconds (JVM running for 7.481)
2020-07-19 15:11:59.128 [TCP_SERVER_BOSS-1-1] INFO  io.netty.handler.logging.LoggingHandler - [id: 0xcc54c309, L:/0:0:0:0:0:0:0:0:5001] READ: [id: 0xad44cc9d, L:/127.0.0.1:5001 - R:/127.0.0.1:65098]
2020-07-19 15:11:59.130 [TCP_SERVER_BOSS-1-1] INFO  io.netty.handler.logging.LoggingHandler - [id: 0xcc54c309, L:/0:0:0:0:0:0:0:0:5001] READ COMPLETE
2020-07-19 15:11:59.154 [TCP_SERVER_WORKER-3-1] INFO  org.coral.net.core.base.ServerHandler - 客户端连接游戏服:/127.0.0.1:65098
2020-07-19 15:11:59.256 [TCP_SERVER_WORKER-3-1] ERROR org.coral.net.core.base.ServerHandler - 游戏协议通信过程出错
io.netty.handler.codec.TooLongFrameException: Adjusted frame length exceeds 8192: 68108 - discarded
	at io.netty.handler.codec.LengthFieldBasedFrameDecoder.fail(LengthFieldBasedFrameDecoder.java:503)
	at io.netty.handler.codec.LengthFieldBasedFrameDecoder.failIfNecessary(LengthFieldBasedFrameDecoder.java:489)
	at io.netty.handler.codec.LengthFieldBasedFrameDecoder.exceededFrameLength(LengthFieldBasedFrameDecoder.java:376)
	at io.netty.handler.codec.LengthFieldBasedFrameDecoder.decode(LengthFieldBasedFrameDecoder.java:419)
	at io.netty.handler.codec.LengthFieldBasedFrameDecoder.decode(LengthFieldBasedFrameDecoder.java:332)
	at io.netty.handler.codec.ByteToMessageDecoder.decodeRemovalReentryProtection(ByteToMessageDecoder.java:501)
	at io.netty.handler.codec.ByteToMessageDecoder.callDecode(ByteToMessageDecoder.java:440)
	at io.netty.handler.codec.ByteToMessageDecoder.channelRead(ByteToMessageDecoder.java:276)
	at io.netty.channel.AbstractChannelHandlerContext.invokeChannelRead(AbstractChannelHandlerContext.java:379)
	at io.netty.channel.AbstractChannelHandlerContext.invokeChannelRead(AbstractChannelHandlerContext.java:365)
	at io.netty.channel.AbstractChannelHandlerContext.fireChannelRead(AbstractChannelHandlerContext.java:357)
	at io.netty.handler.timeout.IdleStateHandler.channelRead(IdleStateHandler.java:286)
	at io.netty.channel.AbstractChannelHandlerContext.invokeChannelRead(AbstractChannelHandlerContext.java:379)
	at io.netty.channel.AbstractChannelHandlerContext.invokeChannelRead(AbstractChannelHandlerContext.java:365)
	at io.netty.channel.AbstractChannelHandlerContext.fireChannelRead(AbstractChannelHandlerContext.java:357)
	at io.netty.channel.DefaultChannelPipeline$HeadContext.channelRead(DefaultChannelPipeline.java:1410)
	at io.netty.channel.AbstractChannelHandlerContext.invokeChannelRead(AbstractChannelHandlerContext.java:379)
	at io.netty.channel.AbstractChannelHandlerContext.invokeChannelRead(AbstractChannelHandlerContext.java:365)
	at io.netty.channel.DefaultChannelPipeline.fireChannelRead(DefaultChannelPipeline.java:919)
	at io.netty.channel.nio.AbstractNioByteChannel$NioByteUnsafe.read(AbstractNioByteChannel.java:163)
	at io.netty.channel.nio.NioEventLoop.processSelectedKey(NioEventLoop.java:714)
	at io.netty.channel.nio.NioEventLoop.processSelectedKeysOptimized(NioEventLoop.java:650)
	at io.netty.channel.nio.NioEventLoop.processSelectedKeys(NioEventLoop.java:576)
	at io.netty.channel.nio.NioEventLoop.run(NioEventLoop.java:493)
	at io.netty.util.concurrent.SingleThreadEventExecutor$4.run(SingleThreadEventExecutor.java:989)
	at io.netty.util.internal.ThreadExecutorMap$2.run(ThreadExecutorMap.java:74)
	at io.netty.util.concurrent.FastThreadLocalRunnable.run(FastThreadLocalRunnable.java:30)
	at java.lang.Thread.run(Thread.java:748)
2020-07-19 15:12:28.691 [main] INFO  org.coral.server.App - Starting App on DESKTOP-I6VTE4Q with PID 29252 (E:\server\jeremy\workspace\coral\coral-server\target\classes started by Jereme in E:\server\jeremy\workspace\coral\coral-server)
2020-07-19 15:12:28.693 [main] INFO  org.coral.server.App - The following profiles are active: dev
2020-07-19 15:12:30.488 [main] INFO  o.s.boot.web.embedded.tomcat.TomcatWebServer - Tomcat initialized with port(s): 8080 (http)
2020-07-19 15:12:30.499 [main] INFO  org.apache.coyote.http11.Http11NioProtocol - Initializing ProtocolHandler ["http-nio-8080"]
2020-07-19 15:12:30.500 [main] INFO  org.apache.catalina.core.StandardService - Starting service [Tomcat]
2020-07-19 15:12:30.500 [main] INFO  org.apache.catalina.core.StandardEngine - Starting Servlet engine: [Apache Tomcat/9.0.36]
2020-07-19 15:12:30.601 [main] INFO  o.a.c.core.ContainerBase.[Tomcat].[localhost].[/] - Initializing Spring embedded WebApplicationContext
2020-07-19 15:12:30.601 [main] INFO  o.s.b.w.s.c.ServletWebServerApplicationContext - Root WebApplicationContext: initialization completed in 1865 ms
2020-07-19 15:12:30.864 [main] INFO  c.a.d.s.b.a.DruidDataSourceAutoConfigure - Init DruidDataSource
2020-07-19 15:12:31.276 [main] INFO  com.alibaba.druid.pool.DruidDataSource - {dataSource-1} inited
2020-07-19 15:12:31.350 [main] INFO  org.coral.net.core.HandlerProcessor - The initialization message is complete and takes [11] milliseconds.
2020-07-19 15:12:31.397 [main] INFO  o.c.net.core.base.executor.DisruptorExecutorGroup - End to init DisruptorExecutorGroup, initWorkers:16, cost time:39
2020-07-19 15:12:32.414 [TCP_SERVER_BOSS-1-1] INFO  io.netty.handler.logging.LoggingHandler - [id: 0x0fef8fa9] REGISTERED
2020-07-19 15:12:32.416 [TCP_SERVER_BOSS-1-1] INFO  io.netty.handler.logging.LoggingHandler - [id: 0x0fef8fa9] BIND: 0.0.0.0/0.0.0.0:5001
2020-07-19 15:12:32.417 [main] INFO  org.coral.net.network.tcp.TcpServerStarter - Netty [TCP] server listening 127.0.0.1 on port 5001 and ready for connections...
2020-07-19 15:12:32.418 [TCP_SERVER_BOSS-1-1] INFO  io.netty.handler.logging.LoggingHandler - [id: 0x0fef8fa9, L:/0:0:0:0:0:0:0:0:5001] ACTIVE
2020-07-19 15:12:32.422 [WEBSOCKET_SERVER_BOSS-4-1] INFO  io.netty.handler.logging.LoggingHandler - [id: 0x71a67c12] REGISTERED
2020-07-19 15:12:32.423 [WEBSOCKET_SERVER_BOSS-4-1] INFO  io.netty.handler.logging.LoggingHandler - [id: 0x71a67c12] BIND: 0.0.0.0/0.0.0.0:6001
2020-07-19 15:12:32.423 [WEBSOCKET_SERVER_BOSS-4-1] INFO  io.netty.handler.logging.LoggingHandler - [id: 0x71a67c12, L:/0:0:0:0:0:0:0:0:6001] ACTIVE
2020-07-19 15:12:32.423 [main] INFO  o.c.net.network.websocket.WebSocketServerStarter - Netty [WEBSOCKET] server listening 127.0.0.1 on port 6001 and ready for connections...
2020-07-19 15:12:32.428 [main] INFO  o.s.scheduling.concurrent.ThreadPoolTaskExecutor - Initializing ExecutorService
2020-07-19 15:12:32.430 [main] INFO  o.s.scheduling.concurrent.ThreadPoolTaskExecutor - Initializing ExecutorService 'taskAsyncPool'
2020-07-19 15:12:32.984 [main] INFO  o.s.b.actuate.endpoint.web.EndpointLinksResolver - Exposing 2 endpoint(s) beneath base path '/actuator'
2020-07-19 15:12:33.022 [main] INFO  org.apache.coyote.http11.Http11NioProtocol - Starting ProtocolHandler ["http-nio-8080"]
2020-07-19 15:12:33.044 [main] INFO  o.s.boot.web.embedded.tomcat.TomcatWebServer - Tomcat started on port(s): 8080 (http) with context path ''
2020-07-19 15:12:33.062 [main] INFO  org.coral.server.App - Started App in 4.779 seconds (JVM running for 5.156)
2020-07-19 15:12:34.461 [TCP_SERVER_BOSS-1-1] INFO  io.netty.handler.logging.LoggingHandler - [id: 0x0fef8fa9, L:/0:0:0:0:0:0:0:0:5001] READ: [id: 0x3278db03, L:/127.0.0.1:5001 - R:/127.0.0.1:65189]
2020-07-19 15:12:34.462 [TCP_SERVER_BOSS-1-1] INFO  io.netty.handler.logging.LoggingHandler - [id: 0x0fef8fa9, L:/0:0:0:0:0:0:0:0:5001] READ COMPLETE
2020-07-19 15:12:34.474 [TCP_SERVER_WORKER-3-1] INFO  org.coral.net.core.base.ServerHandler - 客户端连接游戏服:/127.0.0.1:65189
2020-07-19 15:12:34.566 [TCP_SERVER_WORKER-3-1] ERROR org.coral.net.core.base.ServerHandler - 游戏协议通信过程出错
io.netty.handler.codec.CorruptedFrameException: Adjusted frame length (3) is less than initialBytesToStrip: 4
	at io.netty.handler.codec.LengthFieldBasedFrameDecoder.failOnFrameLengthLessThanInitialBytesToStrip(LengthFieldBasedFrameDecoder.java:383)
	at io.netty.handler.codec.LengthFieldBasedFrameDecoder.decode(LengthFieldBasedFrameDecoder.java:430)
	at io.netty.handler.codec.LengthFieldBasedFrameDecoder.decode(LengthFieldBasedFrameDecoder.java:332)
	at io.netty.handler.codec.ByteToMessageDecoder.decodeRemovalReentryProtection(ByteToMessageDecoder.java:501)
	at io.netty.handler.codec.ByteToMessageDecoder.callDecode(ByteToMessageDecoder.java:440)
	at io.netty.handler.codec.ByteToMessageDecoder.channelRead(ByteToMessageDecoder.java:276)
	at io.netty.channel.AbstractChannelHandlerContext.invokeChannelRead(AbstractChannelHandlerContext.java:379)
	at io.netty.channel.AbstractChannelHandlerContext.invokeChannelRead(AbstractChannelHandlerContext.java:365)
	at io.netty.channel.AbstractChannelHandlerContext.fireChannelRead(AbstractChannelHandlerContext.java:357)
	at io.netty.handler.timeout.IdleStateHandler.channelRead(IdleStateHandler.java:286)
	at io.netty.channel.AbstractChannelHandlerContext.invokeChannelRead(AbstractChannelHandlerContext.java:379)
	at io.netty.channel.AbstractChannelHandlerContext.invokeChannelRead(AbstractChannelHandlerContext.java:365)
	at io.netty.channel.AbstractChannelHandlerContext.fireChannelRead(AbstractChannelHandlerContext.java:357)
	at io.netty.channel.DefaultChannelPipeline$HeadContext.channelRead(DefaultChannelPipeline.java:1410)
	at io.netty.channel.AbstractChannelHandlerContext.invokeChannelRead(AbstractChannelHandlerContext.java:379)
	at io.netty.channel.AbstractChannelHandlerContext.invokeChannelRead(AbstractChannelHandlerContext.java:365)
	at io.netty.channel.DefaultChannelPipeline.fireChannelRead(DefaultChannelPipeline.java:919)
	at io.netty.channel.nio.AbstractNioByteChannel$NioByteUnsafe.read(AbstractNioByteChannel.java:163)
	at io.netty.channel.nio.NioEventLoop.processSelectedKey(NioEventLoop.java:714)
	at io.netty.channel.nio.NioEventLoop.processSelectedKeysOptimized(NioEventLoop.java:650)
	at io.netty.channel.nio.NioEventLoop.processSelectedKeys(NioEventLoop.java:576)
	at io.netty.channel.nio.NioEventLoop.run(NioEventLoop.java:493)
	at io.netty.util.concurrent.SingleThreadEventExecutor$4.run(SingleThreadEventExecutor.java:989)
	at io.netty.util.internal.ThreadExecutorMap$2.run(ThreadExecutorMap.java:74)
	at io.netty.util.concurrent.FastThreadLocalRunnable.run(FastThreadLocalRunnable.java:30)
	at java.lang.Thread.run(Thread.java:748)
2020-07-19 15:13:25.223 [main] INFO  org.coral.server.App - Starting App on DESKTOP-I6VTE4Q with PID 36168 (E:\server\jeremy\workspace\coral\coral-server\target\classes started by Jereme in E:\server\jeremy\workspace\coral\coral-server)
2020-07-19 15:13:25.225 [main] INFO  org.coral.server.App - The following profiles are active: dev
2020-07-19 15:13:27.048 [main] INFO  o.s.boot.web.embedded.tomcat.TomcatWebServer - Tomcat initialized with port(s): 8080 (http)
2020-07-19 15:13:27.060 [main] INFO  org.apache.coyote.http11.Http11NioProtocol - Initializing ProtocolHandler ["http-nio-8080"]
2020-07-19 15:13:27.061 [main] INFO  org.apache.catalina.core.StandardService - Starting service [Tomcat]
2020-07-19 15:13:27.061 [main] INFO  org.apache.catalina.core.StandardEngine - Starting Servlet engine: [Apache Tomcat/9.0.36]
2020-07-19 15:13:27.149 [main] INFO  o.a.c.core.ContainerBase.[Tomcat].[localhost].[/] - Initializing Spring embedded WebApplicationContext
2020-07-19 15:13:27.149 [main] INFO  o.s.b.w.s.c.ServletWebServerApplicationContext - Root WebApplicationContext: initialization completed in 1885 ms
2020-07-19 15:13:27.414 [main] INFO  c.a.d.s.b.a.DruidDataSourceAutoConfigure - Init DruidDataSource
2020-07-19 15:13:27.886 [main] INFO  com.alibaba.druid.pool.DruidDataSource - {dataSource-1} inited
2020-07-19 15:13:27.957 [main] INFO  org.coral.net.core.HandlerProcessor - The initialization message is complete and takes [12] milliseconds.
2020-07-19 15:13:28.021 [main] INFO  o.c.net.core.base.executor.DisruptorExecutorGroup - End to init DisruptorExecutorGroup, initWorkers:16, cost time:56
2020-07-19 15:13:29.017 [TCP_SERVER_BOSS-1-1] INFO  io.netty.handler.logging.LoggingHandler - [id: 0xa7d4e386] REGISTERED
2020-07-19 15:13:29.021 [TCP_SERVER_BOSS-1-1] INFO  io.netty.handler.logging.LoggingHandler - [id: 0xa7d4e386] BIND: 0.0.0.0/0.0.0.0:5001
2020-07-19 15:13:29.022 [main] INFO  org.coral.net.network.tcp.TcpServerStarter - Netty [TCP] server listening 127.0.0.1 on port 5001 and ready for connections...
2020-07-19 15:13:29.022 [TCP_SERVER_BOSS-1-1] INFO  io.netty.handler.logging.LoggingHandler - [id: 0xa7d4e386, L:/0:0:0:0:0:0:0:0:5001] ACTIVE
2020-07-19 15:13:29.026 [WEBSOCKET_SERVER_BOSS-4-1] INFO  io.netty.handler.logging.LoggingHandler - [id: 0xca8cf4db] REGISTERED
2020-07-19 15:13:29.027 [WEBSOCKET_SERVER_BOSS-4-1] INFO  io.netty.handler.logging.LoggingHandler - [id: 0xca8cf4db] BIND: 0.0.0.0/0.0.0.0:6001
2020-07-19 15:13:29.027 [WEBSOCKET_SERVER_BOSS-4-1] INFO  io.netty.handler.logging.LoggingHandler - [id: 0xca8cf4db, L:/0:0:0:0:0:0:0:0:6001] ACTIVE
2020-07-19 15:13:29.027 [main] INFO  o.c.net.network.websocket.WebSocketServerStarter - Netty [WEBSOCKET] server listening 127.0.0.1 on port 6001 and ready for connections...
2020-07-19 15:13:29.031 [main] INFO  o.s.scheduling.concurrent.ThreadPoolTaskExecutor - Initializing ExecutorService
2020-07-19 15:13:29.032 [main] INFO  o.s.scheduling.concurrent.ThreadPoolTaskExecutor - Initializing ExecutorService 'taskAsyncPool'
2020-07-19 15:13:29.385 [main] INFO  o.s.b.actuate.endpoint.web.EndpointLinksResolver - Exposing 2 endpoint(s) beneath base path '/actuator'
2020-07-19 15:13:29.413 [main] INFO  org.apache.coyote.http11.Http11NioProtocol - Starting ProtocolHandler ["http-nio-8080"]
2020-07-19 15:13:29.435 [main] INFO  o.s.boot.web.embedded.tomcat.TomcatWebServer - Tomcat started on port(s): 8080 (http) with context path ''
2020-07-19 15:13:29.453 [main] INFO  org.coral.server.App - Started App in 4.631 seconds (JVM running for 5.004)
2020-07-19 15:13:34.506 [TCP_SERVER_BOSS-1-1] INFO  io.netty.handler.logging.LoggingHandler - [id: 0xa7d4e386, L:/0:0:0:0:0:0:0:0:5001] READ: [id: 0xc8c9a77b, L:/127.0.0.1:5001 - R:/127.0.0.1:65294]
2020-07-19 15:13:34.508 [TCP_SERVER_BOSS-1-1] INFO  io.netty.handler.logging.LoggingHandler - [id: 0xa7d4e386, L:/0:0:0:0:0:0:0:0:5001] READ COMPLETE
2020-07-19 15:13:34.529 [TCP_SERVER_WORKER-3-1] INFO  org.coral.net.core.base.ServerHandler - 客户端连接游戏服:/127.0.0.1:65294
2020-07-19 15:13:34.617 [TCP_SERVER_WORKER-3-1] ERROR org.coral.net.core.base.ServerHandler - 游戏协议通信过程出错
io.netty.handler.codec.TooLongFrameException: Adjusted frame length exceeds 8192: 68108 - discarded
	at io.netty.handler.codec.LengthFieldBasedFrameDecoder.fail(LengthFieldBasedFrameDecoder.java:503)
	at io.netty.handler.codec.LengthFieldBasedFrameDecoder.failIfNecessary(LengthFieldBasedFrameDecoder.java:489)
	at io.netty.handler.codec.LengthFieldBasedFrameDecoder.exceededFrameLength(LengthFieldBasedFrameDecoder.java:376)
	at io.netty.handler.codec.LengthFieldBasedFrameDecoder.decode(LengthFieldBasedFrameDecoder.java:419)
	at io.netty.handler.codec.LengthFieldBasedFrameDecoder.decode(LengthFieldBasedFrameDecoder.java:332)
	at io.netty.handler.codec.ByteToMessageDecoder.decodeRemovalReentryProtection(ByteToMessageDecoder.java:501)
	at io.netty.handler.codec.ByteToMessageDecoder.callDecode(ByteToMessageDecoder.java:440)
	at io.netty.handler.codec.ByteToMessageDecoder.channelRead(ByteToMessageDecoder.java:276)
	at io.netty.channel.AbstractChannelHandlerContext.invokeChannelRead(AbstractChannelHandlerContext.java:379)
	at io.netty.channel.AbstractChannelHandlerContext.invokeChannelRead(AbstractChannelHandlerContext.java:365)
	at io.netty.channel.AbstractChannelHandlerContext.fireChannelRead(AbstractChannelHandlerContext.java:357)
	at io.netty.handler.timeout.IdleStateHandler.channelRead(IdleStateHandler.java:286)
	at io.netty.channel.AbstractChannelHandlerContext.invokeChannelRead(AbstractChannelHandlerContext.java:379)
	at io.netty.channel.AbstractChannelHandlerContext.invokeChannelRead(AbstractChannelHandlerContext.java:365)
	at io.netty.channel.AbstractChannelHandlerContext.fireChannelRead(AbstractChannelHandlerContext.java:357)
	at io.netty.channel.DefaultChannelPipeline$HeadContext.channelRead(DefaultChannelPipeline.java:1410)
	at io.netty.channel.AbstractChannelHandlerContext.invokeChannelRead(AbstractChannelHandlerContext.java:379)
	at io.netty.channel.AbstractChannelHandlerContext.invokeChannelRead(AbstractChannelHandlerContext.java:365)
	at io.netty.channel.DefaultChannelPipeline.fireChannelRead(DefaultChannelPipeline.java:919)
	at io.netty.channel.nio.AbstractNioByteChannel$NioByteUnsafe.read(AbstractNioByteChannel.java:163)
	at io.netty.channel.nio.NioEventLoop.processSelectedKey(NioEventLoop.java:714)
	at io.netty.channel.nio.NioEventLoop.processSelectedKeysOptimized(NioEventLoop.java:650)
	at io.netty.channel.nio.NioEventLoop.processSelectedKeys(NioEventLoop.java:576)
	at io.netty.channel.nio.NioEventLoop.run(NioEventLoop.java:493)
	at io.netty.util.concurrent.SingleThreadEventExecutor$4.run(SingleThreadEventExecutor.java:989)
	at io.netty.util.internal.ThreadExecutorMap$2.run(ThreadExecutorMap.java:74)
	at io.netty.util.concurrent.FastThreadLocalRunnable.run(FastThreadLocalRunnable.java:30)
	at java.lang.Thread.run(Thread.java:748)
2020-07-19 15:13:59.763 [main] INFO  org.coral.server.App - Starting App on DESKTOP-I6VTE4Q with PID 4312 (E:\server\jeremy\workspace\coral\coral-server\target\classes started by Jereme in E:\server\jeremy\workspace\coral\coral-server)
2020-07-19 15:13:59.765 [main] INFO  org.coral.server.App - The following profiles are active: dev
2020-07-19 15:14:01.685 [main] INFO  o.s.boot.web.embedded.tomcat.TomcatWebServer - Tomcat initialized with port(s): 8080 (http)
2020-07-19 15:14:01.697 [main] INFO  org.apache.coyote.http11.Http11NioProtocol - Initializing ProtocolHandler ["http-nio-8080"]
2020-07-19 15:14:01.697 [main] INFO  org.apache.catalina.core.StandardService - Starting service [Tomcat]
2020-07-19 15:14:01.698 [main] INFO  org.apache.catalina.core.StandardEngine - Starting Servlet engine: [Apache Tomcat/9.0.36]
2020-07-19 15:14:01.785 [main] INFO  o.a.c.core.ContainerBase.[Tomcat].[localhost].[/] - Initializing Spring embedded WebApplicationContext
2020-07-19 15:14:01.785 [main] INFO  o.s.b.w.s.c.ServletWebServerApplicationContext - Root WebApplicationContext: initialization completed in 1980 ms
2020-07-19 15:14:02.069 [main] INFO  c.a.d.s.b.a.DruidDataSourceAutoConfigure - Init DruidDataSource
2020-07-19 15:14:02.544 [main] INFO  com.alibaba.druid.pool.DruidDataSource - {dataSource-1} inited
2020-07-19 15:14:02.622 [main] INFO  org.coral.net.core.HandlerProcessor - The initialization message is complete and takes [15] milliseconds.
2020-07-19 15:14:02.688 [main] INFO  o.c.net.core.base.executor.DisruptorExecutorGroup - End to init DisruptorExecutorGroup, initWorkers:16, cost time:58
2020-07-19 15:14:03.645 [TCP_SERVER_BOSS-1-1] INFO  io.netty.handler.logging.LoggingHandler - [id: 0xa82097a7] REGISTERED
2020-07-19 15:14:03.648 [TCP_SERVER_BOSS-1-1] INFO  io.netty.handler.logging.LoggingHandler - [id: 0xa82097a7] BIND: 0.0.0.0/0.0.0.0:5001
2020-07-19 15:14:03.648 [main] INFO  org.coral.net.network.tcp.TcpServerStarter - Netty [TCP] server listening 127.0.0.1 on port 5001 and ready for connections...
2020-07-19 15:14:03.649 [TCP_SERVER_BOSS-1-1] INFO  io.netty.handler.logging.LoggingHandler - [id: 0xa82097a7, L:/0:0:0:0:0:0:0:0:5001] ACTIVE
2020-07-19 15:14:03.653 [WEBSOCKET_SERVER_BOSS-4-1] INFO  io.netty.handler.logging.LoggingHandler - [id: 0xf889b5d5] REGISTERED
2020-07-19 15:14:03.654 [WEBSOCKET_SERVER_BOSS-4-1] INFO  io.netty.handler.logging.LoggingHandler - [id: 0xf889b5d5] BIND: 0.0.0.0/0.0.0.0:6001
2020-07-19 15:14:03.654 [main] INFO  o.c.net.network.websocket.WebSocketServerStarter - Netty [WEBSOCKET] server listening 127.0.0.1 on port 6001 and ready for connections...
2020-07-19 15:14:03.654 [WEBSOCKET_SERVER_BOSS-4-1] INFO  io.netty.handler.logging.LoggingHandler - [id: 0xf889b5d5, L:/0:0:0:0:0:0:0:0:6001] ACTIVE
2020-07-19 15:14:03.659 [main] INFO  o.s.scheduling.concurrent.ThreadPoolTaskExecutor - Initializing ExecutorService
2020-07-19 15:14:03.660 [main] INFO  o.s.scheduling.concurrent.ThreadPoolTaskExecutor - Initializing ExecutorService 'taskAsyncPool'
2020-07-19 15:14:04.043 [main] INFO  o.s.b.actuate.endpoint.web.EndpointLinksResolver - Exposing 2 endpoint(s) beneath base path '/actuator'
2020-07-19 15:14:04.069 [main] INFO  org.apache.coyote.http11.Http11NioProtocol - Starting ProtocolHandler ["http-nio-8080"]
2020-07-19 15:14:04.089 [main] INFO  o.s.boot.web.embedded.tomcat.TomcatWebServer - Tomcat started on port(s): 8080 (http) with context path ''
2020-07-19 15:14:04.105 [main] INFO  org.coral.server.App - Started App in 4.756 seconds (JVM running for 5.132)
2020-07-19 15:14:06.708 [TCP_SERVER_BOSS-1-1] INFO  io.netty.handler.logging.LoggingHandler - [id: 0xa82097a7, L:/0:0:0:0:0:0:0:0:5001] READ: [id: 0xd172d7a0, L:/127.0.0.1:5001 - R:/127.0.0.1:65376]
2020-07-19 15:14:06.709 [TCP_SERVER_BOSS-1-1] INFO  io.netty.handler.logging.LoggingHandler - [id: 0xa82097a7, L:/0:0:0:0:0:0:0:0:5001] READ COMPLETE
2020-07-19 15:14:06.727 [TCP_SERVER_WORKER-3-1] INFO  org.coral.net.core.base.ServerHandler - 客户端连接游戏服:/127.0.0.1:65376
2020-07-19 15:14:06.797 [TCP_SERVER_WORKER-3-1] INFO  org.coral.net.network.tcp.TcpServerHandler - ===============channelRead0====================:PooledSlicedByteBuf(ridx: 0, widx: 47, cap: 47/47, unwrapped: PooledUnsafeDirectByteBuf(ridx: 51, widx: 51, cap: 1024))
2020-07-19 15:14:06.817 [Disruptor-1] INFO  o.c.s.game.module.player.handler.PlayerHandler - PlayerHandler login， session:org.coral.net.core.base.GameSession@5f050f80
2020-07-19 15:14:06.827 [Disruptor-1] INFO  org.coral.net.core.base.GameSession - ========push========:org.coral.net.core.base.Packet@12f47633
2020-07-19 15:14:06.827 [TCP_SERVER_WORKER-3-1] INFO  org.coral.net.network.tcp.TcpProtocolEncoder - TcpProtocolEncoder out:PooledUnsafeDirectByteBuf(ridx: 0, widx: 4, cap: 256)
2020-07-19 15:14:36.819 [TCP_SERVER_WORKER-3-1] INFO  org.coral.net.core.base.ServerHandler - 客户端连接断开:/127.0.0.1:65376
2020-07-19 15:16:26.110 [main] INFO  org.coral.server.App - Starting App on DESKTOP-I6VTE4Q with PID 33512 (E:\server\jeremy\workspace\coral\coral-server\target\classes started by Jereme in E:\server\jeremy\workspace\coral\coral-server)
2020-07-19 15:16:26.116 [main] INFO  org.coral.server.App - The following profiles are active: dev
2020-07-19 15:16:28.679 [main] INFO  o.s.boot.web.embedded.tomcat.TomcatWebServer - Tomcat initialized with port(s): 8080 (http)
2020-07-19 15:16:28.700 [main] INFO  org.apache.coyote.http11.Http11NioProtocol - Initializing ProtocolHandler ["http-nio-8080"]
2020-07-19 15:16:28.701 [main] INFO  org.apache.catalina.core.StandardService - Starting service [Tomcat]
2020-07-19 15:16:28.702 [main] INFO  org.apache.catalina.core.StandardEngine - Starting Servlet engine: [Apache Tomcat/9.0.36]
2020-07-19 15:16:28.890 [main] INFO  o.a.c.core.ContainerBase.[Tomcat].[localhost].[/] - Initializing Spring embedded WebApplicationContext
2020-07-19 15:16:28.890 [main] INFO  o.s.b.w.s.c.ServletWebServerApplicationContext - Root WebApplicationContext: initialization completed in 2708 ms
2020-07-19 15:16:29.424 [main] INFO  c.a.d.s.b.a.DruidDataSourceAutoConfigure - Init DruidDataSource
2020-07-19 15:16:30.034 [main] INFO  com.alibaba.druid.pool.DruidDataSource - {dataSource-1} inited
2020-07-19 15:16:30.174 [main] INFO  org.coral.net.core.HandlerProcessor - The initialization message is complete and takes [21] milliseconds.
2020-07-19 15:16:30.263 [main] INFO  o.c.net.core.base.executor.DisruptorExecutorGroup - End to init DisruptorExecutorGroup, initWorkers:16, cost time:75
2020-07-19 15:16:31.565 [TCP_SERVER_BOSS-1-1] INFO  io.netty.handler.logging.LoggingHandler - [id: 0xa9acfb33] REGISTERED
2020-07-19 15:16:31.569 [TCP_SERVER_BOSS-1-1] INFO  io.netty.handler.logging.LoggingHandler - [id: 0xa9acfb33] BIND: 0.0.0.0/0.0.0.0:5001
2020-07-19 15:16:31.570 [main] INFO  org.coral.net.network.tcp.TcpServerStarter - Netty [TCP] server listening 127.0.0.1 on port 5001 and ready for connections...
2020-07-19 15:16:31.572 [TCP_SERVER_BOSS-1-1] INFO  io.netty.handler.logging.LoggingHandler - [id: 0xa9acfb33, L:/0:0:0:0:0:0:0:0:5001] ACTIVE
2020-07-19 15:16:31.576 [WEBSOCKET_SERVER_BOSS-4-1] INFO  io.netty.handler.logging.LoggingHandler - [id: 0x93a22f78] REGISTERED
2020-07-19 15:16:31.576 [WEBSOCKET_SERVER_BOSS-4-1] INFO  io.netty.handler.logging.LoggingHandler - [id: 0x93a22f78] BIND: 0.0.0.0/0.0.0.0:6001
2020-07-19 15:16:31.577 [WEBSOCKET_SERVER_BOSS-4-1] INFO  io.netty.handler.logging.LoggingHandler - [id: 0x93a22f78, L:/0:0:0:0:0:0:0:0:6001] ACTIVE
2020-07-19 15:16:31.577 [main] INFO  o.c.net.network.websocket.WebSocketServerStarter - Netty [WEBSOCKET] server listening 127.0.0.1 on port 6001 and ready for connections...
2020-07-19 15:16:31.583 [main] INFO  o.s.scheduling.concurrent.ThreadPoolTaskExecutor - Initializing ExecutorService
2020-07-19 15:16:31.584 [main] INFO  o.s.scheduling.concurrent.ThreadPoolTaskExecutor - Initializing ExecutorService 'taskAsyncPool'
2020-07-19 15:16:31.916 [TCP_SERVER_BOSS-1-1] INFO  io.netty.handler.logging.LoggingHandler - [id: 0xa9acfb33, L:/0:0:0:0:0:0:0:0:5001] READ: [id: 0xf5ddce11, L:/127.0.0.1:5001 - R:/127.0.0.1:49171]
2020-07-19 15:16:31.917 [TCP_SERVER_BOSS-1-1] INFO  io.netty.handler.logging.LoggingHandler - [id: 0xa9acfb33, L:/0:0:0:0:0:0:0:0:5001] READ COMPLETE
2020-07-19 15:16:31.942 [TCP_SERVER_WORKER-3-1] INFO  org.coral.net.core.base.ServerHandler - 客户端连接游戏服:/127.0.0.1:49171
2020-07-19 15:16:32.031 [TCP_SERVER_WORKER-3-1] INFO  org.coral.net.network.tcp.TcpServerHandler - ===============channelRead0====================:PooledSlicedByteBuf(ridx: 0, widx: 47, cap: 47/47, unwrapped: PooledUnsafeDirectByteBuf(ridx: 51, widx: 51, cap: 1024))
2020-07-19 15:16:32.065 [Disruptor-1] INFO  o.c.s.game.module.player.handler.PlayerHandler - PlayerHandler login， session:org.coral.net.core.base.GameSession@3f6f956c
2020-07-19 15:16:32.083 [Disruptor-1] INFO  org.coral.net.core.base.GameSession - ========push========:org.coral.net.core.base.Packet@1c203b2e
2020-07-19 15:16:32.083 [TCP_SERVER_WORKER-3-1] INFO  org.coral.net.network.tcp.TcpProtocolEncoder - TcpProtocolEncoder out:PooledUnsafeDirectByteBuf(ridx: 0, widx: 4, cap: 256)
2020-07-19 15:16:32.145 [main] INFO  o.s.b.actuate.endpoint.web.EndpointLinksResolver - Exposing 2 endpoint(s) beneath base path '/actuator'
2020-07-19 15:16:32.181 [main] INFO  org.apache.coyote.http11.Http11NioProtocol - Starting ProtocolHandler ["http-nio-8080"]
2020-07-19 15:16:32.208 [main] INFO  o.s.boot.web.embedded.tomcat.TomcatWebServer - Tomcat started on port(s): 8080 (http) with context path ''
2020-07-19 15:16:32.226 [main] INFO  org.coral.server.App - Started App in 6.757 seconds (JVM running for 7.546)
2020-07-19 15:16:37.365 [TCP_SERVER_WORKER-3-1] INFO  org.coral.net.core.base.ServerHandler - 客户端连接断开:/127.0.0.1:49171
2020-07-19 17:39:00.423 [main] INFO  org.coral.server.App - Starting App on DESKTOP-I6VTE4Q with PID 24208 (E:\server\jeremy\workspace\coral\coral-server\target\classes started by Jereme in E:\server\jeremy\workspace\coral\coral-server)
2020-07-19 17:39:00.425 [main] INFO  org.coral.server.App - The following profiles are active: dev
2020-07-19 17:39:02.239 [main] INFO  o.s.boot.web.embedded.tomcat.TomcatWebServer - Tomcat initialized with port(s): 8080 (http)
2020-07-19 17:39:02.249 [main] INFO  org.apache.coyote.http11.Http11NioProtocol - Initializing ProtocolHandler ["http-nio-8080"]
2020-07-19 17:39:02.250 [main] INFO  org.apache.catalina.core.StandardService - Starting service [Tomcat]
2020-07-19 17:39:02.250 [main] INFO  org.apache.catalina.core.StandardEngine - Starting Servlet engine: [Apache Tomcat/9.0.36]
2020-07-19 17:39:02.331 [main] INFO  o.a.c.core.ContainerBase.[Tomcat].[localhost].[/] - Initializing Spring embedded WebApplicationContext
2020-07-19 17:39:02.331 [main] INFO  o.s.b.w.s.c.ServletWebServerApplicationContext - Root WebApplicationContext: initialization completed in 1862 ms
2020-07-19 17:39:02.575 [main] INFO  c.a.d.s.b.a.DruidDataSourceAutoConfigure - Init DruidDataSource
2020-07-19 17:39:03.047 [main] INFO  com.alibaba.druid.pool.DruidDataSource - {dataSource-1} inited
2020-07-19 17:39:03.119 [main] INFO  org.coral.net.core.HandlerProcessor - The initialization message is complete and takes [9] milliseconds.
2020-07-19 17:39:03.182 [main] INFO  o.c.net.core.base.executor.DisruptorExecutorGroup - End to init DisruptorExecutorGroup, initWorkers:16, cost time:56
2020-07-19 17:39:04.323 [TCP_SERVER_BOSS-1-1] INFO  io.netty.handler.logging.LoggingHandler - [id: 0xd9341a33] REGISTERED
2020-07-19 17:39:04.326 [TCP_SERVER_BOSS-1-1] INFO  io.netty.handler.logging.LoggingHandler - [id: 0xd9341a33] BIND: 0.0.0.0/0.0.0.0:5001
2020-07-19 17:39:04.327 [main] INFO  org.coral.net.network.tcp.TcpServerStarter - Netty [TCP] server listening 127.0.0.1 on port 5001 and ready for connections...
2020-07-19 17:39:04.328 [TCP_SERVER_BOSS-1-1] INFO  io.netty.handler.logging.LoggingHandler - [id: 0xd9341a33, L:/0:0:0:0:0:0:0:0:5001] ACTIVE
2020-07-19 17:39:04.332 [WEBSOCKET_SERVER_BOSS-4-1] INFO  io.netty.handler.logging.LoggingHandler - [id: 0xd15ed48b] REGISTERED
2020-07-19 17:39:04.333 [WEBSOCKET_SERVER_BOSS-4-1] INFO  io.netty.handler.logging.LoggingHandler - [id: 0xd15ed48b] BIND: 0.0.0.0/0.0.0.0:6001
2020-07-19 17:39:04.333 [WEBSOCKET_SERVER_BOSS-4-1] INFO  io.netty.handler.logging.LoggingHandler - [id: 0xd15ed48b, L:/0:0:0:0:0:0:0:0:6001] ACTIVE
2020-07-19 17:39:04.333 [main] INFO  o.c.net.network.websocket.WebSocketServerStarter - Netty [WEBSOCKET] server listening 127.0.0.1 on port 6001 and ready for connections...
2020-07-19 17:39:04.338 [main] INFO  o.s.scheduling.concurrent.ThreadPoolTaskExecutor - Initializing ExecutorService
2020-07-19 17:39:04.339 [main] INFO  o.s.scheduling.concurrent.ThreadPoolTaskExecutor - Initializing ExecutorService 'taskAsyncPool'
2020-07-19 17:39:04.716 [main] INFO  o.s.b.actuate.endpoint.web.EndpointLinksResolver - Exposing 2 endpoint(s) beneath base path '/actuator'
2020-07-19 17:39:04.744 [main] INFO  org.apache.coyote.http11.Http11NioProtocol - Starting ProtocolHandler ["http-nio-8080"]
2020-07-19 17:39:04.761 [main] INFO  o.s.boot.web.embedded.tomcat.TomcatWebServer - Tomcat started on port(s): 8080 (http) with context path ''
2020-07-19 17:39:04.773 [main] INFO  org.coral.server.App - Started App in 4.768 seconds (JVM running for 5.145)
2020-07-19 17:39:18.631 [TCP_SERVER_BOSS-1-1] INFO  io.netty.handler.logging.LoggingHandler - [id: 0xd9341a33, L:/0:0:0:0:0:0:0:0:5001] READ: [id: 0x1a73e179, L:/127.0.0.1:5001 - R:/127.0.0.1:53729]
2020-07-19 17:39:18.633 [TCP_SERVER_BOSS-1-1] INFO  io.netty.handler.logging.LoggingHandler - [id: 0xd9341a33, L:/0:0:0:0:0:0:0:0:5001] READ COMPLETE
2020-07-19 17:39:18.652 [TCP_SERVER_WORKER-3-1] INFO  org.coral.net.core.base.ServerHandler - 默认分发处理器, 客户端连接游戏服:/127.0.0.1:53729
2020-07-19 17:39:18.735 [TCP_SERVER_WORKER-3-1] INFO  org.coral.net.network.tcp.TcpServerHandler - ===============channelRead0====================:PooledSlicedByteBuf(ridx: 0, widx: 47, cap: 47/47, unwrapped: PooledUnsafeDirectByteBuf(ridx: 51, widx: 51, cap: 1024))
2020-07-19 17:39:18.758 [Disruptor-1] INFO  o.c.s.game.module.player.handler.PlayerHandler - PlayerHandler login， session:org.coral.net.core.base.GameSession@69b2979a
2020-07-19 17:39:18.771 [Disruptor-1] INFO  org.coral.net.core.base.GameSession - ========push========:org.coral.net.core.base.Packet@4f40e9e7
2020-07-19 17:39:18.771 [TCP_SERVER_WORKER-3-1] INFO  org.coral.net.network.tcp.TcpProtocolEncoder - TcpProtocolEncoder out:PooledUnsafeDirectByteBuf(ridx: 0, widx: 4, cap: 256)
2020-07-19 17:41:01.705 [main] INFO  org.coral.server.App - Starting App on DESKTOP-I6VTE4Q with PID 35896 (E:\server\jeremy\workspace\coral\coral-server\target\classes started by Jereme in E:\server\jeremy\workspace\coral\coral-server)
2020-07-19 17:41:01.712 [main] INFO  org.coral.server.App - The following profiles are active: dev
2020-07-19 17:41:04.558 [main] INFO  o.s.boot.web.embedded.tomcat.TomcatWebServer - Tomcat initialized with port(s): 8080 (http)
2020-07-19 17:41:04.574 [main] INFO  org.apache.coyote.http11.Http11NioProtocol - Initializing ProtocolHandler ["http-nio-8080"]
2020-07-19 17:41:04.575 [main] INFO  org.apache.catalina.core.StandardService - Starting service [Tomcat]
2020-07-19 17:41:04.575 [main] INFO  org.apache.catalina.core.StandardEngine - Starting Servlet engine: [Apache Tomcat/9.0.36]
2020-07-19 17:41:04.698 [main] INFO  o.a.c.core.ContainerBase.[Tomcat].[localhost].[/] - Initializing Spring embedded WebApplicationContext
2020-07-19 17:41:04.698 [main] INFO  o.s.b.w.s.c.ServletWebServerApplicationContext - Root WebApplicationContext: initialization completed in 2911 ms
2020-07-19 17:41:05.072 [main] INFO  c.a.d.s.b.a.DruidDataSourceAutoConfigure - Init DruidDataSource
2020-07-19 17:41:05.553 [main] INFO  com.alibaba.druid.pool.DruidDataSource - {dataSource-1} inited
2020-07-19 17:41:05.650 [main] INFO  org.coral.net.core.HandlerProcessor - The initialization message is complete and takes [16] milliseconds.
2020-07-19 17:41:05.722 [main] INFO  o.c.net.core.base.executor.DisruptorExecutorGroup - End to init DisruptorExecutorGroup, initWorkers:16, cost time:63
2020-07-19 17:41:07.102 [TCP_SERVER_BOSS-1-1] INFO  io.netty.handler.logging.LoggingHandler - [id: 0x4080e863] REGISTERED
2020-07-19 17:41:07.105 [TCP_SERVER_BOSS-1-1] INFO  io.netty.handler.logging.LoggingHandler - [id: 0x4080e863] BIND: 0.0.0.0/0.0.0.0:5001
2020-07-19 17:41:07.107 [main] INFO  org.coral.net.network.tcp.TcpServerStarter - Netty [TCP] server listening 127.0.0.1 on port 5001 and ready for connections...
2020-07-19 17:41:07.108 [TCP_SERVER_BOSS-1-1] INFO  io.netty.handler.logging.LoggingHandler - [id: 0x4080e863, L:/0:0:0:0:0:0:0:0:5001] ACTIVE
2020-07-19 17:41:07.112 [WEBSOCKET_SERVER_BOSS-4-1] INFO  io.netty.handler.logging.LoggingHandler - [id: 0x194fdd17] REGISTERED
2020-07-19 17:41:07.113 [WEBSOCKET_SERVER_BOSS-4-1] INFO  io.netty.handler.logging.LoggingHandler - [id: 0x194fdd17] BIND: 0.0.0.0/0.0.0.0:6001
2020-07-19 17:41:07.113 [WEBSOCKET_SERVER_BOSS-4-1] INFO  io.netty.handler.logging.LoggingHandler - [id: 0x194fdd17, L:/0:0:0:0:0:0:0:0:6001] ACTIVE
2020-07-19 17:41:07.113 [main] INFO  o.c.net.network.websocket.WebSocketServerStarter - Netty [WEBSOCKET] server listening 127.0.0.1 on port 6001 and ready for connections...
2020-07-19 17:41:07.120 [main] INFO  o.s.scheduling.concurrent.ThreadPoolTaskExecutor - Initializing ExecutorService
2020-07-19 17:41:07.122 [main] INFO  o.s.scheduling.concurrent.ThreadPoolTaskExecutor - Initializing ExecutorService 'taskAsyncPool'
2020-07-19 17:41:07.775 [main] INFO  o.s.b.actuate.endpoint.web.EndpointLinksResolver - Exposing 2 endpoint(s) beneath base path '/actuator'
2020-07-19 17:41:07.826 [main] INFO  org.apache.coyote.http11.Http11NioProtocol - Starting ProtocolHandler ["http-nio-8080"]
2020-07-19 17:41:07.860 [main] INFO  o.s.boot.web.embedded.tomcat.TomcatWebServer - Tomcat started on port(s): 8080 (http) with context path ''
2020-07-19 17:41:07.884 [main] INFO  org.coral.server.App - Started App in 6.854 seconds (JVM running for 7.589)
2020-07-19 17:41:08.446 [TCP_SERVER_BOSS-1-1] INFO  io.netty.handler.logging.LoggingHandler - [id: 0x4080e863, L:/0:0:0:0:0:0:0:0:5001] READ: [id: 0x4c970bf9, L:/127.0.0.1:5001 - R:/127.0.0.1:53942]
2020-07-19 17:41:08.448 [TCP_SERVER_BOSS-1-1] INFO  io.netty.handler.logging.LoggingHandler - [id: 0x4080e863, L:/0:0:0:0:0:0:0:0:5001] READ COMPLETE
2020-07-19 17:41:08.475 [TCP_SERVER_WORKER-3-1] INFO  org.coral.server.core.server.GameServerHandler - 自定义分发器, 客户端连接游戏服:/127.0.0.1:53942
2020-07-19 17:41:08.609 [TCP_SERVER_WORKER-3-1] INFO  org.coral.net.network.tcp.TcpServerHandler - ===============channelRead0====================:PooledSlicedByteBuf(ridx: 0, widx: 47, cap: 47/47, unwrapped: PooledUnsafeDirectByteBuf(ridx: 51, widx: 51, cap: 1024))
2020-07-19 17:41:08.609 [TCP_SERVER_WORKER-3-1] INFO  org.coral.server.core.server.GameServerHandler - 自定义分发器, 客户端连接游戏服:/127.0.0.1:53942
2020-07-19 17:41:08.647 [Disruptor-1] INFO  o.c.s.game.module.player.handler.PlayerHandler - PlayerHandler login， session:org.coral.net.core.base.GameSession@223f1a5e
2020-07-19 17:41:08.662 [Disruptor-1] INFO  org.coral.net.core.base.GameSession - ========push========:org.coral.net.core.base.Packet@5560e8b1
2020-07-19 17:41:08.662 [TCP_SERVER_WORKER-3-1] INFO  org.coral.net.network.tcp.TcpProtocolEncoder - TcpProtocolEncoder out:PooledUnsafeDirectByteBuf(ridx: 0, widx: 4, cap: 256)
2020-07-19 17:41:11.851 [TCP_SERVER_WORKER-3-1] INFO  org.coral.server.core.server.GameServerHandler - 自定义分发器, 客户端连接断开:/127.0.0.1:53942
